[2024-09-29T11:10:39.239+0000] {local_task_job_runner.py:123} INFO - ::group::Pre task execution logs
[2024-09-29T11:10:39.254+0000] {taskinstance.py:2612} INFO - Dependencies all met for dep_context=non-requeueable deps ti=<TaskInstance: SitesWebScraping.Spark_Transformation manual__2024-09-29T11:09:16.201163+00:00 [queued]>
[2024-09-29T11:10:39.262+0000] {taskinstance.py:2612} INFO - Dependencies all met for dep_context=requeueable deps ti=<TaskInstance: SitesWebScraping.Spark_Transformation manual__2024-09-29T11:09:16.201163+00:00 [queued]>
[2024-09-29T11:10:39.263+0000] {taskinstance.py:2865} INFO - Starting attempt 1 of 1
[2024-09-29T11:10:39.279+0000] {taskinstance.py:2888} INFO - Executing <Task(OperatorSubmitSpark): Spark_Transformation> on 2024-09-29 11:09:16.201163+00:00
[2024-09-29T11:10:39.291+0000] {warnings.py:112} WARNING - /home/***/.local/lib/python3.12/site-packages/***/task/task_runner/standard_task_runner.py:70: DeprecationWarning: This process (pid=317) is multi-threaded, use of fork() may lead to deadlocks in the child.
  pid = os.fork()

[2024-09-29T11:10:39.293+0000] {standard_task_runner.py:72} INFO - Started process 318 to run task
[2024-09-29T11:10:39.293+0000] {standard_task_runner.py:104} INFO - Running: ['***', 'tasks', 'run', 'SitesWebScraping', 'Spark_Transformation', 'manual__2024-09-29T11:09:16.201163+00:00', '--job-id', '337', '--raw', '--subdir', 'DAGS_FOLDER/DagWebScraping.py', '--cfg-path', '/tmp/tmpnp_4fx6a']
[2024-09-29T11:10:39.296+0000] {standard_task_runner.py:105} INFO - Job 337: Subtask Spark_Transformation
[2024-09-29T11:10:39.341+0000] {task_command.py:467} INFO - Running <TaskInstance: SitesWebScraping.Spark_Transformation manual__2024-09-29T11:09:16.201163+00:00 [running]> on host 221fc92d4aed
[2024-09-29T11:10:39.424+0000] {taskinstance.py:3131} INFO - Exporting env vars: AIRFLOW_CTX_DAG_OWNER='***' AIRFLOW_CTX_DAG_ID='SitesWebScraping' AIRFLOW_CTX_TASK_ID='Spark_Transformation' AIRFLOW_CTX_EXECUTION_DATE='2024-09-29T11:09:16.201163+00:00' AIRFLOW_CTX_TRY_NUMBER='1' AIRFLOW_CTX_DAG_RUN_ID='manual__2024-09-29T11:09:16.201163+00:00'
[2024-09-29T11:10:39.426+0000] {taskinstance.py:731} INFO - ::endgroup::
[2024-09-29T11:10:39.451+0000] {logging_mixin.py:190} INFO - /opt/***/datalake/silverzone/kabum=2024-09-29/data
[2024-09-29T11:10:39.452+0000] {logging_mixin.py:190} INFO - /opt/***/datalake/rawzone/kabum=2024-09-29/data.json
[2024-09-29T11:10:39.453+0000] {baseoperator.py:405} WARNING - OperatorSubmitSpark.execute cannot be called outside TaskInstance!
[2024-09-29T11:10:39.460+0000] {base.py:84} INFO - Retrieving connection 'spark_default'
[2024-09-29T11:10:39.461+0000] {spark_submit.py:403} INFO - Spark-Submit cmd: spark-submit --master spark://spark:7077 --num-executors 2 --driver-memory 512M --name arrow-spark --deploy-mode client /opt/bitnami/spark/src/scripts_spark/WebScraping_Transformation.py {{ create_container_silver_path) }} --json_file_path {{ web_extraction_path) }} --path_save_transfor
[2024-09-29T11:10:42.577+0000] {spark_submit.py:579} INFO - usage: WebScraping_Transformation.py [-h] --json_file_path JSON_FILE_PATH
[2024-09-29T11:10:42.577+0000] {spark_submit.py:579} INFO - --path_save_transfor PATH_SAVE_TRANSFOR
[2024-09-29T11:10:42.578+0000] {spark_submit.py:579} INFO - WebScraping_Transformation.py: error: argument --path_save_transfor: expected one argument
[2024-09-29T11:10:42.628+0000] {spark_submit.py:579} INFO - 24/09/29 11:10:42 INFO ShutdownHookManager: Shutdown hook called
[2024-09-29T11:10:42.630+0000] {spark_submit.py:579} INFO - 24/09/29 11:10:42 INFO ShutdownHookManager: Deleting directory /tmp/spark-099e1e83-921a-4c73-8a21-f3e5dfa505ec
[2024-09-29T11:10:42.666+0000] {taskinstance.py:3310} ERROR - Task failed with exception
Traceback (most recent call last):
  File "/home/airflow/.local/lib/python3.12/site-packages/airflow/models/taskinstance.py", line 767, in _execute_task
    result = _execute_callable(context=context, **execute_callable_kwargs)
             ^^^^^^^^^^^^^^^^^^^^^^^^^^^^^^^^^^^^^^^^^^^^^^^^^^^^^^^^^^^^^
  File "/home/airflow/.local/lib/python3.12/site-packages/airflow/models/taskinstance.py", line 733, in _execute_callable
    return ExecutionCallableRunner(
           ^^^^^^^^^^^^^^^^^^^^^^^^
  File "/home/airflow/.local/lib/python3.12/site-packages/airflow/utils/operator_helpers.py", line 252, in run
    return self.func(*args, **kwargs)
           ^^^^^^^^^^^^^^^^^^^^^^^^^^
  File "/home/airflow/.local/lib/python3.12/site-packages/airflow/models/baseoperator.py", line 406, in wrapper
    return func(self, *args, **kwargs)
           ^^^^^^^^^^^^^^^^^^^^^^^^^^^
  File "/opt/airflow/operators/OperatorSpark.py", line 23, in execute
    super().execute(context)
  File "/home/airflow/.local/lib/python3.12/site-packages/airflow/models/baseoperator.py", line 406, in wrapper
    return func(self, *args, **kwargs)
           ^^^^^^^^^^^^^^^^^^^^^^^^^^^
  File "/home/airflow/.local/lib/python3.12/site-packages/airflow/providers/apache/spark/operators/spark_submit.py", line 174, in execute
    self._hook.submit(self.application)
  File "/home/airflow/.local/lib/python3.12/site-packages/airflow/providers/apache/spark/hooks/spark_submit.py", line 505, in submit
    raise AirflowException(
airflow.exceptions.AirflowException: Cannot execute: spark-submit --master spark://spark:7077 --num-executors 2 --driver-memory 512M --name arrow-spark --deploy-mode client /opt/bitnami/spark/src/scripts_spark/WebScraping_Transformation.py {{ create_container_silver_path) }} --json_file_path {{ web_extraction_path) }} --path_save_transfor. Error code is: 2.
[2024-09-29T11:10:42.673+0000] {taskinstance.py:1225} INFO - Marking task as FAILED. dag_id=SitesWebScraping, task_id=Spark_Transformation, run_id=manual__2024-09-29T11:09:16.201163+00:00, execution_date=20240929T110916, start_date=20240929T111039, end_date=20240929T111042
[2024-09-29T11:10:42.688+0000] {taskinstance.py:340} INFO - ::group::Post task execution logs
[2024-09-29T11:10:42.688+0000] {standard_task_runner.py:124} ERROR - Failed to execute job 337 for task Spark_Transformation (Cannot execute: spark-submit --master spark://spark:7077 --num-executors 2 --driver-memory 512M --name arrow-spark --deploy-mode client /opt/bitnami/spark/src/scripts_spark/WebScraping_Transformation.py {{ create_container_silver_path) }} --json_file_path {{ web_extraction_path) }} --path_save_transfor. Error code is: 2.; 318)
Traceback (most recent call last):
  File "/home/airflow/.local/lib/python3.12/site-packages/airflow/task/task_runner/standard_task_runner.py", line 117, in _start_by_fork
    ret = args.func(args, dag=self.dag)
          ^^^^^^^^^^^^^^^^^^^^^^^^^^^^^
  File "/home/airflow/.local/lib/python3.12/site-packages/airflow/cli/cli_config.py", line 49, in command
    return func(*args, **kwargs)
           ^^^^^^^^^^^^^^^^^^^^^
  File "/home/airflow/.local/lib/python3.12/site-packages/airflow/utils/cli.py", line 115, in wrapper
    return f(*args, **kwargs)
           ^^^^^^^^^^^^^^^^^^
  File "/home/airflow/.local/lib/python3.12/site-packages/airflow/cli/commands/task_command.py", line 483, in task_run
    task_return_code = _run_task_by_selected_method(args, _dag, ti)
                       ^^^^^^^^^^^^^^^^^^^^^^^^^^^^^^^^^^^^^^^^^^^^
  File "/home/airflow/.local/lib/python3.12/site-packages/airflow/cli/commands/task_command.py", line 256, in _run_task_by_selected_method
    return _run_raw_task(args, ti)
           ^^^^^^^^^^^^^^^^^^^^^^^
  File "/home/airflow/.local/lib/python3.12/site-packages/airflow/cli/commands/task_command.py", line 341, in _run_raw_task
    return ti._run_raw_task(
           ^^^^^^^^^^^^^^^^^
  File "/home/airflow/.local/lib/python3.12/site-packages/airflow/utils/session.py", line 97, in wrapper
    return func(*args, session=session, **kwargs)
           ^^^^^^^^^^^^^^^^^^^^^^^^^^^^^^^^^^^^^^
  File "/home/airflow/.local/lib/python3.12/site-packages/airflow/models/taskinstance.py", line 3004, in _run_raw_task
    return _run_raw_task(
           ^^^^^^^^^^^^^^
  File "/home/airflow/.local/lib/python3.12/site-packages/airflow/models/taskinstance.py", line 273, in _run_raw_task
    TaskInstance._execute_task_with_callbacks(
  File "/home/airflow/.local/lib/python3.12/site-packages/airflow/models/taskinstance.py", line 3158, in _execute_task_with_callbacks
    result = self._execute_task(context, task_orig)
             ^^^^^^^^^^^^^^^^^^^^^^^^^^^^^^^^^^^^^^
  File "/home/airflow/.local/lib/python3.12/site-packages/airflow/models/taskinstance.py", line 3182, in _execute_task
    return _execute_task(self, context, task_orig)
           ^^^^^^^^^^^^^^^^^^^^^^^^^^^^^^^^^^^^^^^
  File "/home/airflow/.local/lib/python3.12/site-packages/airflow/models/taskinstance.py", line 767, in _execute_task
    result = _execute_callable(context=context, **execute_callable_kwargs)
             ^^^^^^^^^^^^^^^^^^^^^^^^^^^^^^^^^^^^^^^^^^^^^^^^^^^^^^^^^^^^^
  File "/home/airflow/.local/lib/python3.12/site-packages/airflow/models/taskinstance.py", line 733, in _execute_callable
    return ExecutionCallableRunner(
           ^^^^^^^^^^^^^^^^^^^^^^^^
  File "/home/airflow/.local/lib/python3.12/site-packages/airflow/utils/operator_helpers.py", line 252, in run
    return self.func(*args, **kwargs)
           ^^^^^^^^^^^^^^^^^^^^^^^^^^
  File "/home/airflow/.local/lib/python3.12/site-packages/airflow/models/baseoperator.py", line 406, in wrapper
    return func(self, *args, **kwargs)
           ^^^^^^^^^^^^^^^^^^^^^^^^^^^
  File "/opt/airflow/operators/OperatorSpark.py", line 23, in execute
    super().execute(context)
  File "/home/airflow/.local/lib/python3.12/site-packages/airflow/models/baseoperator.py", line 406, in wrapper
    return func(self, *args, **kwargs)
           ^^^^^^^^^^^^^^^^^^^^^^^^^^^
  File "/home/airflow/.local/lib/python3.12/site-packages/airflow/providers/apache/spark/operators/spark_submit.py", line 174, in execute
    self._hook.submit(self.application)
  File "/home/airflow/.local/lib/python3.12/site-packages/airflow/providers/apache/spark/hooks/spark_submit.py", line 505, in submit
    raise AirflowException(
airflow.exceptions.AirflowException: Cannot execute: spark-submit --master spark://spark:7077 --num-executors 2 --driver-memory 512M --name arrow-spark --deploy-mode client /opt/bitnami/spark/src/scripts_spark/WebScraping_Transformation.py {{ create_container_silver_path) }} --json_file_path {{ web_extraction_path) }} --path_save_transfor. Error code is: 2.
[2024-09-29T11:10:42.718+0000] {local_task_job_runner.py:266} INFO - Task exited with return code 1
[2024-09-29T11:10:42.732+0000] {taskinstance.py:3900} INFO - 0 downstream tasks scheduled from follow-on schedule check
[2024-09-29T11:10:42.737+0000] {local_task_job_runner.py:245} INFO - ::endgroup::
