[2024-10-03T20:10:50.729+0000] {local_task_job_runner.py:123} INFO - ::group::Pre task execution logs
[2024-10-03T20:10:50.750+0000] {taskinstance.py:2612} INFO - Dependencies all met for dep_context=non-requeueable deps ti=<TaskInstance: SitesWebScraping.Web_Extraction_siteA manual__2024-10-03T20:10:48.216751+00:00 [queued]>
[2024-10-03T20:10:50.759+0000] {taskinstance.py:2612} INFO - Dependencies all met for dep_context=requeueable deps ti=<TaskInstance: SitesWebScraping.Web_Extraction_siteA manual__2024-10-03T20:10:48.216751+00:00 [queued]>
[2024-10-03T20:10:50.760+0000] {taskinstance.py:2865} INFO - Starting attempt 1 of 1
[2024-10-03T20:10:50.777+0000] {taskinstance.py:2888} INFO - Executing <Task(OperatorSiteA): Web_Extraction_siteA> on 2024-10-03 20:10:48.216751+00:00
[2024-10-03T20:10:50.783+0000] {warnings.py:112} WARNING - /home/***/.local/lib/python3.12/site-packages/***/task/task_runner/standard_task_runner.py:70: DeprecationWarning: This process (pid=3086) is multi-threaded, use of fork() may lead to deadlocks in the child.
  pid = os.fork()

[2024-10-03T20:10:50.785+0000] {standard_task_runner.py:72} INFO - Started process 3087 to run task
[2024-10-03T20:10:50.785+0000] {standard_task_runner.py:104} INFO - Running: ['***', 'tasks', 'run', 'SitesWebScraping', 'Web_Extraction_siteA', 'manual__2024-10-03T20:10:48.216751+00:00', '--job-id', '959', '--raw', '--subdir', 'DAGS_FOLDER/DagWebScraping.py', '--cfg-path', '/tmp/tmpusuns1z5']
[2024-10-03T20:10:50.787+0000] {standard_task_runner.py:105} INFO - Job 959: Subtask Web_Extraction_siteA
[2024-10-03T20:10:50.843+0000] {task_command.py:467} INFO - Running <TaskInstance: SitesWebScraping.Web_Extraction_siteA manual__2024-10-03T20:10:48.216751+00:00 [running]> on host f8603ea05473
[2024-10-03T20:10:50.924+0000] {taskinstance.py:3131} INFO - Exporting env vars: AIRFLOW_CTX_DAG_OWNER='***' AIRFLOW_CTX_DAG_ID='SitesWebScraping' AIRFLOW_CTX_TASK_ID='Web_Extraction_siteA' AIRFLOW_CTX_EXECUTION_DATE='2024-10-03T20:10:48.216751+00:00' AIRFLOW_CTX_TRY_NUMBER='1' AIRFLOW_CTX_DAG_RUN_ID='manual__2024-10-03T20:10:48.216751+00:00'
[2024-10-03T20:10:50.925+0000] {taskinstance.py:731} INFO - ::endgroup::
[2024-10-03T20:11:01.433+0000] {logging_mixin.py:190} INFO - R$ 549,99
[2024-10-03T20:11:01.577+0000] {taskinstance.py:3310} ERROR - Task failed with exception
Traceback (most recent call last):
  File "/home/airflow/.local/lib/python3.12/site-packages/airflow/models/taskinstance.py", line 767, in _execute_task
    result = _execute_callable(context=context, **execute_callable_kwargs)
             ^^^^^^^^^^^^^^^^^^^^^^^^^^^^^^^^^^^^^^^^^^^^^^^^^^^^^^^^^^^^^
  File "/home/airflow/.local/lib/python3.12/site-packages/airflow/models/taskinstance.py", line 733, in _execute_callable
    return ExecutionCallableRunner(
           ^^^^^^^^^^^^^^^^^^^^^^^^
  File "/home/airflow/.local/lib/python3.12/site-packages/airflow/utils/operator_helpers.py", line 252, in run
    return self.func(*args, **kwargs)
           ^^^^^^^^^^^^^^^^^^^^^^^^^^
  File "/home/airflow/.local/lib/python3.12/site-packages/airflow/models/baseoperator.py", line 406, in wrapper
    return func(self, *args, **kwargs)
           ^^^^^^^^^^^^^^^^^^^^^^^^^^^
  File "/opt/airflow/operators/OperatorSiteA.py", line 145, in execute
    self._ProcessamentoBeautifulSoup()
  File "/opt/airflow/operators/OperatorSiteA.py", line 73, in _ProcessamentoBeautifulSoup
    link_element = product.find_element(By.XPATH, './/a')
                   ^^^^^^^^^^^^^^^^^^^^^^^^^^^^^^^^^^^^^^
  File "/home/airflow/.local/lib/python3.12/site-packages/selenium/webdriver/remote/webelement.py", line 417, in find_element
    return self._execute(Command.FIND_CHILD_ELEMENT, {"using": by, "value": value})["value"]
           ^^^^^^^^^^^^^^^^^^^^^^^^^^^^^^^^^^^^^^^^^^^^^^^^^^^^^^^^^^^^^^^^^^^^^^^^
  File "/home/airflow/.local/lib/python3.12/site-packages/selenium/webdriver/remote/webelement.py", line 395, in _execute
    return self._parent.execute(command, params)
           ^^^^^^^^^^^^^^^^^^^^^^^^^^^^^^^^^^^^^
  File "/home/airflow/.local/lib/python3.12/site-packages/selenium/webdriver/remote/webdriver.py", line 354, in execute
    self.error_handler.check_response(response)
  File "/home/airflow/.local/lib/python3.12/site-packages/selenium/webdriver/remote/errorhandler.py", line 229, in check_response
    raise exception_class(message, screen, stacktrace)
selenium.common.exceptions.NoSuchElementException: Message: no such element: Unable to locate element: {"method":"xpath","selector":".//a"}
  (Session info: chrome=128.0.6613.119); For documentation on this error, please visit: https://www.selenium.dev/documentation/webdriver/troubleshooting/errors#no-such-element-exception
Stacktrace:
#0 0x558ae215886a <unknown>
#1 0x558ae1e26e50 <unknown>
#2 0x558ae1e76644 <unknown>
#3 0x558ae1e76931 <unknown>
#4 0x558ae1e6af96 <unknown>
#5 0x558ae1e9b4bd <unknown>
#6 0x558ae1e6ae89 <unknown>
#7 0x558ae1e9b65e <unknown>
#8 0x558ae1eb99c6 <unknown>
#9 0x558ae1e9b233 <unknown>
#10 0x558ae1e69093 <unknown>
#11 0x558ae1e6a09e <unknown>
#12 0x558ae211facb <unknown>
#13 0x558ae2123a81 <unknown>
#14 0x558ae210b695 <unknown>
#15 0x558ae21245f2 <unknown>
#16 0x558ae20f086f <unknown>
#17 0x558ae2147668 <unknown>
#18 0x558ae2147832 <unknown>
#19 0x558ae215765c <unknown>
#20 0x7f8465476a94 <unknown>
#21 0x7f8465503c3c <unknown>

[2024-10-03T20:11:01.597+0000] {taskinstance.py:1225} INFO - Marking task as FAILED. dag_id=SitesWebScraping, task_id=Web_Extraction_siteA, run_id=manual__2024-10-03T20:10:48.216751+00:00, execution_date=20241003T201048, start_date=20241003T201050, end_date=20241003T201101
[2024-10-03T20:11:01.613+0000] {taskinstance.py:340} INFO - ::group::Post task execution logs
[2024-10-03T20:11:01.613+0000] {standard_task_runner.py:124} ERROR - Failed to execute job 959 for task Web_Extraction_siteA (Message: no such element: Unable to locate element: {"method":"xpath","selector":".//a"}
  (Session info: chrome=128.0.6613.119); For documentation on this error, please visit: https://www.selenium.dev/documentation/webdriver/troubleshooting/errors#no-such-element-exception
Stacktrace:
#0 0x558ae215886a <unknown>
#1 0x558ae1e26e50 <unknown>
#2 0x558ae1e76644 <unknown>
#3 0x558ae1e76931 <unknown>
#4 0x558ae1e6af96 <unknown>
#5 0x558ae1e9b4bd <unknown>
#6 0x558ae1e6ae89 <unknown>
#7 0x558ae1e9b65e <unknown>
#8 0x558ae1eb99c6 <unknown>
#9 0x558ae1e9b233 <unknown>
#10 0x558ae1e69093 <unknown>
#11 0x558ae1e6a09e <unknown>
#12 0x558ae211facb <unknown>
#13 0x558ae2123a81 <unknown>
#14 0x558ae210b695 <unknown>
#15 0x558ae21245f2 <unknown>
#16 0x558ae20f086f <unknown>
#17 0x558ae2147668 <unknown>
#18 0x558ae2147832 <unknown>
#19 0x558ae215765c <unknown>
#20 0x7f8465476a94 <unknown>
#21 0x7f8465503c3c <unknown>
; 3087)
Traceback (most recent call last):
  File "/home/airflow/.local/lib/python3.12/site-packages/airflow/task/task_runner/standard_task_runner.py", line 117, in _start_by_fork
    ret = args.func(args, dag=self.dag)
          ^^^^^^^^^^^^^^^^^^^^^^^^^^^^^
  File "/home/airflow/.local/lib/python3.12/site-packages/airflow/cli/cli_config.py", line 49, in command
    return func(*args, **kwargs)
           ^^^^^^^^^^^^^^^^^^^^^
  File "/home/airflow/.local/lib/python3.12/site-packages/airflow/utils/cli.py", line 115, in wrapper
    return f(*args, **kwargs)
           ^^^^^^^^^^^^^^^^^^
  File "/home/airflow/.local/lib/python3.12/site-packages/airflow/cli/commands/task_command.py", line 483, in task_run
    task_return_code = _run_task_by_selected_method(args, _dag, ti)
                       ^^^^^^^^^^^^^^^^^^^^^^^^^^^^^^^^^^^^^^^^^^^^
  File "/home/airflow/.local/lib/python3.12/site-packages/airflow/cli/commands/task_command.py", line 256, in _run_task_by_selected_method
    return _run_raw_task(args, ti)
           ^^^^^^^^^^^^^^^^^^^^^^^
  File "/home/airflow/.local/lib/python3.12/site-packages/airflow/cli/commands/task_command.py", line 341, in _run_raw_task
    return ti._run_raw_task(
           ^^^^^^^^^^^^^^^^^
  File "/home/airflow/.local/lib/python3.12/site-packages/airflow/utils/session.py", line 97, in wrapper
    return func(*args, session=session, **kwargs)
           ^^^^^^^^^^^^^^^^^^^^^^^^^^^^^^^^^^^^^^
  File "/home/airflow/.local/lib/python3.12/site-packages/airflow/models/taskinstance.py", line 3004, in _run_raw_task
    return _run_raw_task(
           ^^^^^^^^^^^^^^
  File "/home/airflow/.local/lib/python3.12/site-packages/airflow/models/taskinstance.py", line 273, in _run_raw_task
    TaskInstance._execute_task_with_callbacks(
  File "/home/airflow/.local/lib/python3.12/site-packages/airflow/models/taskinstance.py", line 3158, in _execute_task_with_callbacks
    result = self._execute_task(context, task_orig)
             ^^^^^^^^^^^^^^^^^^^^^^^^^^^^^^^^^^^^^^
  File "/home/airflow/.local/lib/python3.12/site-packages/airflow/models/taskinstance.py", line 3182, in _execute_task
    return _execute_task(self, context, task_orig)
           ^^^^^^^^^^^^^^^^^^^^^^^^^^^^^^^^^^^^^^^
  File "/home/airflow/.local/lib/python3.12/site-packages/airflow/models/taskinstance.py", line 767, in _execute_task
    result = _execute_callable(context=context, **execute_callable_kwargs)
             ^^^^^^^^^^^^^^^^^^^^^^^^^^^^^^^^^^^^^^^^^^^^^^^^^^^^^^^^^^^^^
  File "/home/airflow/.local/lib/python3.12/site-packages/airflow/models/taskinstance.py", line 733, in _execute_callable
    return ExecutionCallableRunner(
           ^^^^^^^^^^^^^^^^^^^^^^^^
  File "/home/airflow/.local/lib/python3.12/site-packages/airflow/utils/operator_helpers.py", line 252, in run
    return self.func(*args, **kwargs)
           ^^^^^^^^^^^^^^^^^^^^^^^^^^
  File "/home/airflow/.local/lib/python3.12/site-packages/airflow/models/baseoperator.py", line 406, in wrapper
    return func(self, *args, **kwargs)
           ^^^^^^^^^^^^^^^^^^^^^^^^^^^
  File "/opt/airflow/operators/OperatorSiteA.py", line 145, in execute
    self._ProcessamentoBeautifulSoup()
  File "/opt/airflow/operators/OperatorSiteA.py", line 73, in _ProcessamentoBeautifulSoup
    link_element = product.find_element(By.XPATH, './/a')
                   ^^^^^^^^^^^^^^^^^^^^^^^^^^^^^^^^^^^^^^
  File "/home/airflow/.local/lib/python3.12/site-packages/selenium/webdriver/remote/webelement.py", line 417, in find_element
    return self._execute(Command.FIND_CHILD_ELEMENT, {"using": by, "value": value})["value"]
           ^^^^^^^^^^^^^^^^^^^^^^^^^^^^^^^^^^^^^^^^^^^^^^^^^^^^^^^^^^^^^^^^^^^^^^^^
  File "/home/airflow/.local/lib/python3.12/site-packages/selenium/webdriver/remote/webelement.py", line 395, in _execute
    return self._parent.execute(command, params)
           ^^^^^^^^^^^^^^^^^^^^^^^^^^^^^^^^^^^^^
  File "/home/airflow/.local/lib/python3.12/site-packages/selenium/webdriver/remote/webdriver.py", line 354, in execute
    self.error_handler.check_response(response)
  File "/home/airflow/.local/lib/python3.12/site-packages/selenium/webdriver/remote/errorhandler.py", line 229, in check_response
    raise exception_class(message, screen, stacktrace)
selenium.common.exceptions.NoSuchElementException: Message: no such element: Unable to locate element: {"method":"xpath","selector":".//a"}
  (Session info: chrome=128.0.6613.119); For documentation on this error, please visit: https://www.selenium.dev/documentation/webdriver/troubleshooting/errors#no-such-element-exception
Stacktrace:
#0 0x558ae215886a <unknown>
#1 0x558ae1e26e50 <unknown>
#2 0x558ae1e76644 <unknown>
#3 0x558ae1e76931 <unknown>
#4 0x558ae1e6af96 <unknown>
#5 0x558ae1e9b4bd <unknown>
#6 0x558ae1e6ae89 <unknown>
#7 0x558ae1e9b65e <unknown>
#8 0x558ae1eb99c6 <unknown>
#9 0x558ae1e9b233 <unknown>
#10 0x558ae1e69093 <unknown>
#11 0x558ae1e6a09e <unknown>
#12 0x558ae211facb <unknown>
#13 0x558ae2123a81 <unknown>
#14 0x558ae210b695 <unknown>
#15 0x558ae21245f2 <unknown>
#16 0x558ae20f086f <unknown>
#17 0x558ae2147668 <unknown>
#18 0x558ae2147832 <unknown>
#19 0x558ae215765c <unknown>
#20 0x7f8465476a94 <unknown>
#21 0x7f8465503c3c <unknown>

[2024-10-03T20:11:01.664+0000] {local_task_job_runner.py:266} INFO - Task exited with return code 1
[2024-10-03T20:11:01.689+0000] {taskinstance.py:3900} INFO - 0 downstream tasks scheduled from follow-on schedule check
[2024-10-03T20:11:01.696+0000] {local_task_job_runner.py:245} INFO - ::endgroup::
