[2024-09-04T19:10:41.255+0000] {taskinstance.py:1957} INFO - Dependencies all met for dep_context=non-requeueable deps ti=<TaskInstance: SitesWebScraping.WebScrapint manual__2024-09-04T19:10:39.630826+00:00 [queued]>
[2024-09-04T19:10:41.264+0000] {taskinstance.py:1957} INFO - Dependencies all met for dep_context=requeueable deps ti=<TaskInstance: SitesWebScraping.WebScrapint manual__2024-09-04T19:10:39.630826+00:00 [queued]>
[2024-09-04T19:10:41.264+0000] {taskinstance.py:2171} INFO - Starting attempt 1 of 1
[2024-09-04T19:10:41.280+0000] {taskinstance.py:2192} INFO - Executing <Task(WebScraping_K): WebScrapint> on 2024-09-04 19:10:39.630826+00:00
[2024-09-04T19:10:41.283+0000] {standard_task_runner.py:60} INFO - Started process 127 to run task
[2024-09-04T19:10:41.286+0000] {standard_task_runner.py:87} INFO - Running: ['***', 'tasks', 'run', 'SitesWebScraping', 'WebScrapint', 'manual__2024-09-04T19:10:39.630826+00:00', '--job-id', '382', '--raw', '--subdir', 'DAGS_FOLDER/DagWebScraping.py', '--cfg-path', '/tmp/tmpr4ylwepa']
[2024-09-04T19:10:41.293+0000] {standard_task_runner.py:88} INFO - Job 382: Subtask WebScrapint
[2024-09-04T19:10:41.349+0000] {task_command.py:423} INFO - Running <TaskInstance: SitesWebScraping.WebScrapint manual__2024-09-04T19:10:39.630826+00:00 [running]> on host d6de129baf91
[2024-09-04T19:10:41.417+0000] {taskinstance.py:2481} INFO - Exporting env vars: AIRFLOW_CTX_DAG_OWNER='***' AIRFLOW_CTX_DAG_ID='SitesWebScraping' AIRFLOW_CTX_TASK_ID='WebScrapint' AIRFLOW_CTX_EXECUTION_DATE='2024-09-04T19:10:39.630826+00:00' AIRFLOW_CTX_TRY_NUMBER='1' AIRFLOW_CTX_DAG_RUN_ID='manual__2024-09-04T19:10:39.630826+00:00'
[2024-09-04T19:12:28.653+0000] {taskinstance.py:2699} ERROR - Task failed with exception
Traceback (most recent call last):
  File "/home/airflow/.local/lib/python3.8/site-packages/airflow/models/taskinstance.py", line 433, in _execute_task
    result = execute_callable(context=context, **execute_callable_kwargs)
  File "/usr/local/airflow/custom_pasta/operators/OperatorWebScraping.py", line 80, in execute
    result=self.ExtractDates()
  File "/usr/local/airflow/custom_pasta/operators/OperatorWebScraping.py", line 66, in ExtractDates
    driver = webdriver.Chrome()
  File "/home/airflow/.local/lib/python3.8/site-packages/selenium/webdriver/chrome/webdriver.py", line 45, in __init__
    super().__init__(
  File "/home/airflow/.local/lib/python3.8/site-packages/selenium/webdriver/chromium/webdriver.py", line 55, in __init__
    self.service.start()
  File "/home/airflow/.local/lib/python3.8/site-packages/selenium/webdriver/common/service.py", line 102, in start
    self.assert_process_still_running()
  File "/home/airflow/.local/lib/python3.8/site-packages/selenium/webdriver/common/service.py", line 115, in assert_process_still_running
    raise WebDriverException(f"Service {self._path} unexpectedly exited. Status code was: {return_code}")
selenium.common.exceptions.WebDriverException: Message: Service /home/airflow/.cache/selenium/chromedriver/linux64/128.0.6613.119/chromedriver unexpectedly exited. Status code was: 127

[2024-09-04T19:12:28.670+0000] {taskinstance.py:1138} INFO - Marking task as FAILED. dag_id=SitesWebScraping, task_id=WebScrapint, execution_date=20240904T191039, start_date=20240904T191041, end_date=20240904T191228
[2024-09-04T19:12:29.031+0000] {standard_task_runner.py:107} ERROR - Failed to execute job 382 for task WebScrapint (Message: Service /home/airflow/.cache/selenium/chromedriver/linux64/128.0.6613.119/chromedriver unexpectedly exited. Status code was: 127
; 127)
[2024-09-04T19:12:29.075+0000] {local_task_job_runner.py:234} INFO - Task exited with return code 1
[2024-09-04T19:12:29.104+0000] {taskinstance.py:3281} INFO - 0 downstream tasks scheduled from follow-on schedule check
