[2024-10-03T20:13:24.436+0000] {local_task_job_runner.py:123} INFO - ::group::Pre task execution logs
[2024-10-03T20:13:24.454+0000] {taskinstance.py:2612} INFO - Dependencies all met for dep_context=non-requeueable deps ti=<TaskInstance: SitesWebScraping.Web_Extraction_siteA manual__2024-10-03T20:13:22.406396+00:00 [queued]>
[2024-10-03T20:13:24.468+0000] {taskinstance.py:2612} INFO - Dependencies all met for dep_context=requeueable deps ti=<TaskInstance: SitesWebScraping.Web_Extraction_siteA manual__2024-10-03T20:13:22.406396+00:00 [queued]>
[2024-10-03T20:13:24.470+0000] {taskinstance.py:2865} INFO - Starting attempt 1 of 1
[2024-10-03T20:13:24.490+0000] {taskinstance.py:2888} INFO - Executing <Task(OperatorSiteA): Web_Extraction_siteA> on 2024-10-03 20:13:22.406396+00:00
[2024-10-03T20:13:24.496+0000] {warnings.py:112} WARNING - /home/***/.local/lib/python3.12/site-packages/***/task/task_runner/standard_task_runner.py:70: DeprecationWarning: This process (pid=3131) is multi-threaded, use of fork() may lead to deadlocks in the child.
  pid = os.fork()

[2024-10-03T20:13:24.497+0000] {standard_task_runner.py:72} INFO - Started process 3132 to run task
[2024-10-03T20:13:24.498+0000] {standard_task_runner.py:104} INFO - Running: ['***', 'tasks', 'run', 'SitesWebScraping', 'Web_Extraction_siteA', 'manual__2024-10-03T20:13:22.406396+00:00', '--job-id', '962', '--raw', '--subdir', 'DAGS_FOLDER/DagWebScraping.py', '--cfg-path', '/tmp/tmpbvt9lh_7']
[2024-10-03T20:13:24.501+0000] {standard_task_runner.py:105} INFO - Job 962: Subtask Web_Extraction_siteA
[2024-10-03T20:13:24.551+0000] {task_command.py:467} INFO - Running <TaskInstance: SitesWebScraping.Web_Extraction_siteA manual__2024-10-03T20:13:22.406396+00:00 [running]> on host f8603ea05473
[2024-10-03T20:13:24.629+0000] {taskinstance.py:3131} INFO - Exporting env vars: AIRFLOW_CTX_DAG_OWNER='***' AIRFLOW_CTX_DAG_ID='SitesWebScraping' AIRFLOW_CTX_TASK_ID='Web_Extraction_siteA' AIRFLOW_CTX_EXECUTION_DATE='2024-10-03T20:13:22.406396+00:00' AIRFLOW_CTX_TRY_NUMBER='1' AIRFLOW_CTX_DAG_RUN_ID='manual__2024-10-03T20:13:22.406396+00:00'
[2024-10-03T20:13:24.630+0000] {taskinstance.py:731} INFO - ::endgroup::
[2024-10-03T20:13:35.488+0000] {taskinstance.py:3310} ERROR - Task failed with exception
Traceback (most recent call last):
  File "/home/airflow/.local/lib/python3.12/site-packages/airflow/models/taskinstance.py", line 767, in _execute_task
    result = _execute_callable(context=context, **execute_callable_kwargs)
             ^^^^^^^^^^^^^^^^^^^^^^^^^^^^^^^^^^^^^^^^^^^^^^^^^^^^^^^^^^^^^
  File "/home/airflow/.local/lib/python3.12/site-packages/airflow/models/taskinstance.py", line 733, in _execute_callable
    return ExecutionCallableRunner(
           ^^^^^^^^^^^^^^^^^^^^^^^^
  File "/home/airflow/.local/lib/python3.12/site-packages/airflow/utils/operator_helpers.py", line 252, in run
    return self.func(*args, **kwargs)
           ^^^^^^^^^^^^^^^^^^^^^^^^^^
  File "/home/airflow/.local/lib/python3.12/site-packages/airflow/models/baseoperator.py", line 406, in wrapper
    return func(self, *args, **kwargs)
           ^^^^^^^^^^^^^^^^^^^^^^^^^^^
  File "/opt/airflow/operators/OperatorSiteA.py", line 143, in execute
    self._ProcessamentoBeautifulSoup()
  File "/opt/airflow/operators/OperatorSiteA.py", line 73, in _ProcessamentoBeautifulSoup
    link_element = product.find_element(By.XPATH, './/a')
                   ^^^^^^^^^^^^^^^^^^^^^^^^^^^^^^^^^^^^^^
  File "/home/airflow/.local/lib/python3.12/site-packages/selenium/webdriver/remote/webelement.py", line 417, in find_element
    return self._execute(Command.FIND_CHILD_ELEMENT, {"using": by, "value": value})["value"]
           ^^^^^^^^^^^^^^^^^^^^^^^^^^^^^^^^^^^^^^^^^^^^^^^^^^^^^^^^^^^^^^^^^^^^^^^^
  File "/home/airflow/.local/lib/python3.12/site-packages/selenium/webdriver/remote/webelement.py", line 395, in _execute
    return self._parent.execute(command, params)
           ^^^^^^^^^^^^^^^^^^^^^^^^^^^^^^^^^^^^^
  File "/home/airflow/.local/lib/python3.12/site-packages/selenium/webdriver/remote/webdriver.py", line 354, in execute
    self.error_handler.check_response(response)
  File "/home/airflow/.local/lib/python3.12/site-packages/selenium/webdriver/remote/errorhandler.py", line 229, in check_response
    raise exception_class(message, screen, stacktrace)
selenium.common.exceptions.NoSuchElementException: Message: no such element: Unable to locate element: {"method":"xpath","selector":".//a"}
  (Session info: chrome=128.0.6613.119); For documentation on this error, please visit: https://www.selenium.dev/documentation/webdriver/troubleshooting/errors#no-such-element-exception
Stacktrace:
#0 0x5648c71a986a <unknown>
#1 0x5648c6e77e50 <unknown>
#2 0x5648c6ec7644 <unknown>
#3 0x5648c6ec7931 <unknown>
#4 0x5648c6ebbf96 <unknown>
#5 0x5648c6eec4bd <unknown>
#6 0x5648c6ebbe89 <unknown>
#7 0x5648c6eec65e <unknown>
#8 0x5648c6f0a9c6 <unknown>
#9 0x5648c6eec233 <unknown>
#10 0x5648c6eba093 <unknown>
#11 0x5648c6ebb09e <unknown>
#12 0x5648c7170acb <unknown>
#13 0x5648c7174a81 <unknown>
#14 0x5648c715c695 <unknown>
#15 0x5648c71755f2 <unknown>
#16 0x5648c714186f <unknown>
#17 0x5648c7198668 <unknown>
#18 0x5648c7198832 <unknown>
#19 0x5648c71a865c <unknown>
#20 0x7f1f26e6ba94 <unknown>
#21 0x7f1f26ef8c3c <unknown>

[2024-10-03T20:13:35.510+0000] {taskinstance.py:1225} INFO - Marking task as FAILED. dag_id=SitesWebScraping, task_id=Web_Extraction_siteA, run_id=manual__2024-10-03T20:13:22.406396+00:00, execution_date=20241003T201322, start_date=20241003T201324, end_date=20241003T201335
[2024-10-03T20:13:35.529+0000] {taskinstance.py:340} INFO - ::group::Post task execution logs
[2024-10-03T20:13:35.531+0000] {standard_task_runner.py:124} ERROR - Failed to execute job 962 for task Web_Extraction_siteA (Message: no such element: Unable to locate element: {"method":"xpath","selector":".//a"}
  (Session info: chrome=128.0.6613.119); For documentation on this error, please visit: https://www.selenium.dev/documentation/webdriver/troubleshooting/errors#no-such-element-exception
Stacktrace:
#0 0x5648c71a986a <unknown>
#1 0x5648c6e77e50 <unknown>
#2 0x5648c6ec7644 <unknown>
#3 0x5648c6ec7931 <unknown>
#4 0x5648c6ebbf96 <unknown>
#5 0x5648c6eec4bd <unknown>
#6 0x5648c6ebbe89 <unknown>
#7 0x5648c6eec65e <unknown>
#8 0x5648c6f0a9c6 <unknown>
#9 0x5648c6eec233 <unknown>
#10 0x5648c6eba093 <unknown>
#11 0x5648c6ebb09e <unknown>
#12 0x5648c7170acb <unknown>
#13 0x5648c7174a81 <unknown>
#14 0x5648c715c695 <unknown>
#15 0x5648c71755f2 <unknown>
#16 0x5648c714186f <unknown>
#17 0x5648c7198668 <unknown>
#18 0x5648c7198832 <unknown>
#19 0x5648c71a865c <unknown>
#20 0x7f1f26e6ba94 <unknown>
#21 0x7f1f26ef8c3c <unknown>
; 3132)
Traceback (most recent call last):
  File "/home/airflow/.local/lib/python3.12/site-packages/airflow/task/task_runner/standard_task_runner.py", line 117, in _start_by_fork
    ret = args.func(args, dag=self.dag)
          ^^^^^^^^^^^^^^^^^^^^^^^^^^^^^
  File "/home/airflow/.local/lib/python3.12/site-packages/airflow/cli/cli_config.py", line 49, in command
    return func(*args, **kwargs)
           ^^^^^^^^^^^^^^^^^^^^^
  File "/home/airflow/.local/lib/python3.12/site-packages/airflow/utils/cli.py", line 115, in wrapper
    return f(*args, **kwargs)
           ^^^^^^^^^^^^^^^^^^
  File "/home/airflow/.local/lib/python3.12/site-packages/airflow/cli/commands/task_command.py", line 483, in task_run
    task_return_code = _run_task_by_selected_method(args, _dag, ti)
                       ^^^^^^^^^^^^^^^^^^^^^^^^^^^^^^^^^^^^^^^^^^^^
  File "/home/airflow/.local/lib/python3.12/site-packages/airflow/cli/commands/task_command.py", line 256, in _run_task_by_selected_method
    return _run_raw_task(args, ti)
           ^^^^^^^^^^^^^^^^^^^^^^^
  File "/home/airflow/.local/lib/python3.12/site-packages/airflow/cli/commands/task_command.py", line 341, in _run_raw_task
    return ti._run_raw_task(
           ^^^^^^^^^^^^^^^^^
  File "/home/airflow/.local/lib/python3.12/site-packages/airflow/utils/session.py", line 97, in wrapper
    return func(*args, session=session, **kwargs)
           ^^^^^^^^^^^^^^^^^^^^^^^^^^^^^^^^^^^^^^
  File "/home/airflow/.local/lib/python3.12/site-packages/airflow/models/taskinstance.py", line 3004, in _run_raw_task
    return _run_raw_task(
           ^^^^^^^^^^^^^^
  File "/home/airflow/.local/lib/python3.12/site-packages/airflow/models/taskinstance.py", line 273, in _run_raw_task
    TaskInstance._execute_task_with_callbacks(
  File "/home/airflow/.local/lib/python3.12/site-packages/airflow/models/taskinstance.py", line 3158, in _execute_task_with_callbacks
    result = self._execute_task(context, task_orig)
             ^^^^^^^^^^^^^^^^^^^^^^^^^^^^^^^^^^^^^^
  File "/home/airflow/.local/lib/python3.12/site-packages/airflow/models/taskinstance.py", line 3182, in _execute_task
    return _execute_task(self, context, task_orig)
           ^^^^^^^^^^^^^^^^^^^^^^^^^^^^^^^^^^^^^^^
  File "/home/airflow/.local/lib/python3.12/site-packages/airflow/models/taskinstance.py", line 767, in _execute_task
    result = _execute_callable(context=context, **execute_callable_kwargs)
             ^^^^^^^^^^^^^^^^^^^^^^^^^^^^^^^^^^^^^^^^^^^^^^^^^^^^^^^^^^^^^
  File "/home/airflow/.local/lib/python3.12/site-packages/airflow/models/taskinstance.py", line 733, in _execute_callable
    return ExecutionCallableRunner(
           ^^^^^^^^^^^^^^^^^^^^^^^^
  File "/home/airflow/.local/lib/python3.12/site-packages/airflow/utils/operator_helpers.py", line 252, in run
    return self.func(*args, **kwargs)
           ^^^^^^^^^^^^^^^^^^^^^^^^^^
  File "/home/airflow/.local/lib/python3.12/site-packages/airflow/models/baseoperator.py", line 406, in wrapper
    return func(self, *args, **kwargs)
           ^^^^^^^^^^^^^^^^^^^^^^^^^^^
  File "/opt/airflow/operators/OperatorSiteA.py", line 143, in execute
    self._ProcessamentoBeautifulSoup()
  File "/opt/airflow/operators/OperatorSiteA.py", line 73, in _ProcessamentoBeautifulSoup
    link_element = product.find_element(By.XPATH, './/a')
                   ^^^^^^^^^^^^^^^^^^^^^^^^^^^^^^^^^^^^^^
  File "/home/airflow/.local/lib/python3.12/site-packages/selenium/webdriver/remote/webelement.py", line 417, in find_element
    return self._execute(Command.FIND_CHILD_ELEMENT, {"using": by, "value": value})["value"]
           ^^^^^^^^^^^^^^^^^^^^^^^^^^^^^^^^^^^^^^^^^^^^^^^^^^^^^^^^^^^^^^^^^^^^^^^^
  File "/home/airflow/.local/lib/python3.12/site-packages/selenium/webdriver/remote/webelement.py", line 395, in _execute
    return self._parent.execute(command, params)
           ^^^^^^^^^^^^^^^^^^^^^^^^^^^^^^^^^^^^^
  File "/home/airflow/.local/lib/python3.12/site-packages/selenium/webdriver/remote/webdriver.py", line 354, in execute
    self.error_handler.check_response(response)
  File "/home/airflow/.local/lib/python3.12/site-packages/selenium/webdriver/remote/errorhandler.py", line 229, in check_response
    raise exception_class(message, screen, stacktrace)
selenium.common.exceptions.NoSuchElementException: Message: no such element: Unable to locate element: {"method":"xpath","selector":".//a"}
  (Session info: chrome=128.0.6613.119); For documentation on this error, please visit: https://www.selenium.dev/documentation/webdriver/troubleshooting/errors#no-such-element-exception
Stacktrace:
#0 0x5648c71a986a <unknown>
#1 0x5648c6e77e50 <unknown>
#2 0x5648c6ec7644 <unknown>
#3 0x5648c6ec7931 <unknown>
#4 0x5648c6ebbf96 <unknown>
#5 0x5648c6eec4bd <unknown>
#6 0x5648c6ebbe89 <unknown>
#7 0x5648c6eec65e <unknown>
#8 0x5648c6f0a9c6 <unknown>
#9 0x5648c6eec233 <unknown>
#10 0x5648c6eba093 <unknown>
#11 0x5648c6ebb09e <unknown>
#12 0x5648c7170acb <unknown>
#13 0x5648c7174a81 <unknown>
#14 0x5648c715c695 <unknown>
#15 0x5648c71755f2 <unknown>
#16 0x5648c714186f <unknown>
#17 0x5648c7198668 <unknown>
#18 0x5648c7198832 <unknown>
#19 0x5648c71a865c <unknown>
#20 0x7f1f26e6ba94 <unknown>
#21 0x7f1f26ef8c3c <unknown>

[2024-10-03T20:13:35.556+0000] {local_task_job_runner.py:266} INFO - Task exited with return code 1
[2024-10-03T20:13:35.577+0000] {taskinstance.py:3900} INFO - 0 downstream tasks scheduled from follow-on schedule check
[2024-10-03T20:13:35.582+0000] {local_task_job_runner.py:245} INFO - ::endgroup::
