[2024-09-22T00:43:03.377+0000] {local_task_job_runner.py:123} INFO - ::group::Pre task execution logs
[2024-09-22T00:43:03.401+0000] {taskinstance.py:2612} INFO - Dependencies all met for dep_context=non-requeueable deps ti=<TaskInstance: spark_example_dag.submit_spark_job manual__2024-09-22T00:29:30.459990+00:00 [queued]>
[2024-09-22T00:43:03.412+0000] {taskinstance.py:2612} INFO - Dependencies all met for dep_context=requeueable deps ti=<TaskInstance: spark_example_dag.submit_spark_job manual__2024-09-22T00:29:30.459990+00:00 [queued]>
[2024-09-22T00:43:03.413+0000] {taskinstance.py:2865} INFO - Starting attempt 2 of 2
[2024-09-22T00:43:03.433+0000] {taskinstance.py:2888} INFO - Executing <Task(SparkSubmitOperator): submit_spark_job> on 2024-09-22 00:29:30.459990+00:00
[2024-09-22T00:43:03.441+0000] {warnings.py:112} WARNING - /home/***/.local/lib/python3.12/site-packages/***/task/task_runner/standard_task_runner.py:70: DeprecationWarning: This process (pid=62) is multi-threaded, use of fork() may lead to deadlocks in the child.
  pid = os.fork()

[2024-09-22T00:43:03.446+0000] {standard_task_runner.py:72} INFO - Started process 63 to run task
[2024-09-22T00:43:03.445+0000] {standard_task_runner.py:104} INFO - Running: ['***', 'tasks', 'run', 'spark_example_dag', 'submit_spark_job', 'manual__2024-09-22T00:29:30.459990+00:00', '--job-id', '27', '--raw', '--subdir', 'DAGS_FOLDER/jobsSpark.py', '--cfg-path', '/tmp/tmpdq408chh']
[2024-09-22T00:43:03.447+0000] {standard_task_runner.py:105} INFO - Job 27: Subtask submit_spark_job
[2024-09-22T00:43:03.518+0000] {task_command.py:467} INFO - Running <TaskInstance: spark_example_dag.submit_spark_job manual__2024-09-22T00:29:30.459990+00:00 [running]> on host 8229d7a011d9
[2024-09-22T00:43:03.615+0000] {taskinstance.py:3131} INFO - Exporting env vars: AIRFLOW_CTX_DAG_OWNER='***' AIRFLOW_CTX_DAG_ID='spark_example_dag' AIRFLOW_CTX_TASK_ID='submit_spark_job' AIRFLOW_CTX_EXECUTION_DATE='2024-09-22T00:29:30.459990+00:00' AIRFLOW_CTX_TRY_NUMBER='2' AIRFLOW_CTX_DAG_RUN_ID='manual__2024-09-22T00:29:30.459990+00:00'
[2024-09-22T00:43:03.616+0000] {taskinstance.py:731} INFO - ::endgroup::
[2024-09-22T00:43:03.672+0000] {spark_submit.py:273} INFO - Could not load connection string spark_default, defaulting to yarn
[2024-09-22T00:43:03.677+0000] {spark_submit.py:403} INFO - Spark-Submit cmd: spark-submit --master yarn --conf spark.executorEnv.JAVA_HOME=/opt/bitnami/java --conf spark.driverEnv.JAVA_HOME=/opt/bitnami/java --executor-memory 2g --driver-memory 1g --name spark_job /opt/***/dags/my_spark_app.py --master spark://spark:7077
[2024-09-22T00:43:03.748+0000] {spark_submit.py:579} INFO - /home/***/.local/lib/python3.12/site-packages/pyspark/bin/spark-class: line 71: /opt/bitnami/java/bin/java: No such file or directory
[2024-09-22T00:43:03.749+0000] {spark_submit.py:579} INFO - /home/***/.local/lib/python3.12/site-packages/pyspark/bin/spark-class: line 97: CMD: bad array subscript
[2024-09-22T00:43:03.764+0000] {taskinstance.py:3310} ERROR - Task failed with exception
Traceback (most recent call last):
  File "/home/airflow/.local/lib/python3.12/site-packages/airflow/models/taskinstance.py", line 767, in _execute_task
    result = _execute_callable(context=context, **execute_callable_kwargs)
             ^^^^^^^^^^^^^^^^^^^^^^^^^^^^^^^^^^^^^^^^^^^^^^^^^^^^^^^^^^^^^
  File "/home/airflow/.local/lib/python3.12/site-packages/airflow/models/taskinstance.py", line 733, in _execute_callable
    return ExecutionCallableRunner(
           ^^^^^^^^^^^^^^^^^^^^^^^^
  File "/home/airflow/.local/lib/python3.12/site-packages/airflow/utils/operator_helpers.py", line 252, in run
    return self.func(*args, **kwargs)
           ^^^^^^^^^^^^^^^^^^^^^^^^^^
  File "/home/airflow/.local/lib/python3.12/site-packages/airflow/models/baseoperator.py", line 406, in wrapper
    return func(self, *args, **kwargs)
           ^^^^^^^^^^^^^^^^^^^^^^^^^^^
  File "/home/airflow/.local/lib/python3.12/site-packages/airflow/providers/apache/spark/operators/spark_submit.py", line 174, in execute
    self._hook.submit(self.application)
  File "/home/airflow/.local/lib/python3.12/site-packages/airflow/providers/apache/spark/hooks/spark_submit.py", line 505, in submit
    raise AirflowException(
airflow.exceptions.AirflowException: Cannot execute: spark-submit --master yarn --conf spark.executorEnv.JAVA_HOME=/opt/bitnami/java --conf spark.driverEnv.JAVA_HOME=/opt/bitnami/java --executor-memory 2g --driver-memory 1g --name spark_job /opt/***/dags/my_spark_app.py --master spark://spark:7077. Error code is: 1.
[2024-09-22T00:43:03.769+0000] {taskinstance.py:1225} INFO - Marking task as FAILED. dag_id=spark_example_dag, task_id=submit_spark_job, run_id=manual__2024-09-22T00:29:30.459990+00:00, execution_date=20240922T002930, start_date=20240922T004303, end_date=20240922T004303
[2024-09-22T00:43:03.785+0000] {taskinstance.py:340} INFO - ::group::Post task execution logs
[2024-09-22T00:43:03.786+0000] {standard_task_runner.py:124} ERROR - Failed to execute job 27 for task submit_spark_job (Cannot execute: spark-submit --master yarn --conf spark.executorEnv.JAVA_HOME=/opt/bitnami/java --conf spark.driverEnv.JAVA_HOME=/opt/bitnami/java --executor-memory 2g --driver-memory 1g --name spark_job /opt/***/dags/my_spark_app.py --master spark://spark:7077. Error code is: 1.; 63)
Traceback (most recent call last):
  File "/home/airflow/.local/lib/python3.12/site-packages/airflow/task/task_runner/standard_task_runner.py", line 117, in _start_by_fork
    ret = args.func(args, dag=self.dag)
          ^^^^^^^^^^^^^^^^^^^^^^^^^^^^^
  File "/home/airflow/.local/lib/python3.12/site-packages/airflow/cli/cli_config.py", line 49, in command
    return func(*args, **kwargs)
           ^^^^^^^^^^^^^^^^^^^^^
  File "/home/airflow/.local/lib/python3.12/site-packages/airflow/utils/cli.py", line 115, in wrapper
    return f(*args, **kwargs)
           ^^^^^^^^^^^^^^^^^^
  File "/home/airflow/.local/lib/python3.12/site-packages/airflow/cli/commands/task_command.py", line 483, in task_run
    task_return_code = _run_task_by_selected_method(args, _dag, ti)
                       ^^^^^^^^^^^^^^^^^^^^^^^^^^^^^^^^^^^^^^^^^^^^
  File "/home/airflow/.local/lib/python3.12/site-packages/airflow/cli/commands/task_command.py", line 256, in _run_task_by_selected_method
    return _run_raw_task(args, ti)
           ^^^^^^^^^^^^^^^^^^^^^^^
  File "/home/airflow/.local/lib/python3.12/site-packages/airflow/cli/commands/task_command.py", line 341, in _run_raw_task
    return ti._run_raw_task(
           ^^^^^^^^^^^^^^^^^
  File "/home/airflow/.local/lib/python3.12/site-packages/airflow/utils/session.py", line 97, in wrapper
    return func(*args, session=session, **kwargs)
           ^^^^^^^^^^^^^^^^^^^^^^^^^^^^^^^^^^^^^^
  File "/home/airflow/.local/lib/python3.12/site-packages/airflow/models/taskinstance.py", line 3004, in _run_raw_task
    return _run_raw_task(
           ^^^^^^^^^^^^^^
  File "/home/airflow/.local/lib/python3.12/site-packages/airflow/models/taskinstance.py", line 273, in _run_raw_task
    TaskInstance._execute_task_with_callbacks(
  File "/home/airflow/.local/lib/python3.12/site-packages/airflow/models/taskinstance.py", line 3158, in _execute_task_with_callbacks
    result = self._execute_task(context, task_orig)
             ^^^^^^^^^^^^^^^^^^^^^^^^^^^^^^^^^^^^^^
  File "/home/airflow/.local/lib/python3.12/site-packages/airflow/models/taskinstance.py", line 3182, in _execute_task
    return _execute_task(self, context, task_orig)
           ^^^^^^^^^^^^^^^^^^^^^^^^^^^^^^^^^^^^^^^
  File "/home/airflow/.local/lib/python3.12/site-packages/airflow/models/taskinstance.py", line 767, in _execute_task
    result = _execute_callable(context=context, **execute_callable_kwargs)
             ^^^^^^^^^^^^^^^^^^^^^^^^^^^^^^^^^^^^^^^^^^^^^^^^^^^^^^^^^^^^^
  File "/home/airflow/.local/lib/python3.12/site-packages/airflow/models/taskinstance.py", line 733, in _execute_callable
    return ExecutionCallableRunner(
           ^^^^^^^^^^^^^^^^^^^^^^^^
  File "/home/airflow/.local/lib/python3.12/site-packages/airflow/utils/operator_helpers.py", line 252, in run
    return self.func(*args, **kwargs)
           ^^^^^^^^^^^^^^^^^^^^^^^^^^
  File "/home/airflow/.local/lib/python3.12/site-packages/airflow/models/baseoperator.py", line 406, in wrapper
    return func(self, *args, **kwargs)
           ^^^^^^^^^^^^^^^^^^^^^^^^^^^
  File "/home/airflow/.local/lib/python3.12/site-packages/airflow/providers/apache/spark/operators/spark_submit.py", line 174, in execute
    self._hook.submit(self.application)
  File "/home/airflow/.local/lib/python3.12/site-packages/airflow/providers/apache/spark/hooks/spark_submit.py", line 505, in submit
    raise AirflowException(
airflow.exceptions.AirflowException: Cannot execute: spark-submit --master yarn --conf spark.executorEnv.JAVA_HOME=/opt/bitnami/java --conf spark.driverEnv.JAVA_HOME=/opt/bitnami/java --executor-memory 2g --driver-memory 1g --name spark_job /opt/***/dags/my_spark_app.py --master spark://spark:7077. Error code is: 1.
[2024-09-22T00:43:03.829+0000] {local_task_job_runner.py:266} INFO - Task exited with return code 1
[2024-09-22T00:43:03.845+0000] {taskinstance.py:3900} INFO - 0 downstream tasks scheduled from follow-on schedule check
[2024-09-22T00:43:03.848+0000] {local_task_job_runner.py:245} INFO - ::endgroup::
