[2024-10-05T20:59:18.517+0000] {local_task_job_runner.py:123} INFO - ::group::Pre task execution logs
[2024-10-05T20:59:18.533+0000] {taskinstance.py:2612} INFO - Dependencies all met for dep_context=non-requeueable deps ti=<TaskInstance: pipeline_webscraping.kabum_tasks.Web_Extraction_kabum manual__2024-10-05T20:56:23.816611+00:00 [queued]>
[2024-10-05T20:59:18.542+0000] {taskinstance.py:2612} INFO - Dependencies all met for dep_context=requeueable deps ti=<TaskInstance: pipeline_webscraping.kabum_tasks.Web_Extraction_kabum manual__2024-10-05T20:56:23.816611+00:00 [queued]>
[2024-10-05T20:59:18.543+0000] {taskinstance.py:2865} INFO - Starting attempt 1 of 1
[2024-10-05T20:59:18.558+0000] {taskinstance.py:2888} INFO - Executing <Task(OperatorSiteB): kabum_tasks.Web_Extraction_kabum> on 2024-10-05 20:56:23.816611+00:00
[2024-10-05T20:59:18.565+0000] {warnings.py:112} WARNING - /home/***/.local/lib/python3.12/site-packages/***/task/task_runner/standard_task_runner.py:70: DeprecationWarning: This process (pid=10696) is multi-threaded, use of fork() may lead to deadlocks in the child.
  pid = os.fork()

[2024-10-05T20:59:18.566+0000] {standard_task_runner.py:72} INFO - Started process 10698 to run task
[2024-10-05T20:59:18.567+0000] {standard_task_runner.py:104} INFO - Running: ['***', 'tasks', 'run', 'pipeline_webscraping', 'kabum_tasks.Web_Extraction_kabum', 'manual__2024-10-05T20:56:23.816611+00:00', '--job-id', '1216', '--raw', '--subdir', 'DAGS_FOLDER/DagWebScraping.py', '--cfg-path', '/tmp/tmpt2e1vwwk']
[2024-10-05T20:59:18.569+0000] {standard_task_runner.py:105} INFO - Job 1216: Subtask kabum_tasks.Web_Extraction_kabum
[2024-10-05T20:59:18.639+0000] {task_command.py:467} INFO - Running <TaskInstance: pipeline_webscraping.kabum_tasks.Web_Extraction_kabum manual__2024-10-05T20:56:23.816611+00:00 [running]> on host e823e678f418
[2024-10-05T20:59:18.717+0000] {taskinstance.py:3131} INFO - Exporting env vars: AIRFLOW_CTX_DAG_OWNER='***' AIRFLOW_CTX_DAG_ID='pipeline_webscraping' AIRFLOW_CTX_TASK_ID='kabum_tasks.Web_Extraction_kabum' AIRFLOW_CTX_EXECUTION_DATE='2024-10-05T20:56:23.816611+00:00' AIRFLOW_CTX_TRY_NUMBER='1' AIRFLOW_CTX_DAG_RUN_ID='manual__2024-10-05T20:56:23.816611+00:00'
[2024-10-05T20:59:18.718+0000] {taskinstance.py:731} INFO - ::endgroup::
[2024-10-05T21:01:42.698+0000] {taskinstance.py:3310} ERROR - Task failed with exception
Traceback (most recent call last):
  File "/home/airflow/.local/lib/python3.12/site-packages/airflow/models/taskinstance.py", line 767, in _execute_task
    result = _execute_callable(context=context, **execute_callable_kwargs)
             ^^^^^^^^^^^^^^^^^^^^^^^^^^^^^^^^^^^^^^^^^^^^^^^^^^^^^^^^^^^^^
  File "/home/airflow/.local/lib/python3.12/site-packages/airflow/models/taskinstance.py", line 733, in _execute_callable
    return ExecutionCallableRunner(
           ^^^^^^^^^^^^^^^^^^^^^^^^
  File "/home/airflow/.local/lib/python3.12/site-packages/airflow/utils/operator_helpers.py", line 252, in run
    return self.func(*args, **kwargs)
           ^^^^^^^^^^^^^^^^^^^^^^^^^^
  File "/home/airflow/.local/lib/python3.12/site-packages/airflow/models/baseoperator.py", line 406, in wrapper
    return func(self, *args, **kwargs)
           ^^^^^^^^^^^^^^^^^^^^^^^^^^^
  File "/opt/airflow/operators/OperatorSiteBase.py", line 85, in execute
    self.ExtractDates()
  File "/opt/airflow/operators/OperatorSiteB.py", line 31, in ExtractDates
    return super().ExtractDates()
           ^^^^^^^^^^^^^^^^^^^^^^
  File "/opt/airflow/operators/OperatorSiteBase.py", line 51, in ExtractDates
    driver.get(base_url)
  File "/home/airflow/.local/lib/python3.12/site-packages/selenium/webdriver/remote/webdriver.py", line 363, in get
    self.execute(Command.GET, {"url": url})
  File "/home/airflow/.local/lib/python3.12/site-packages/selenium/webdriver/remote/webdriver.py", line 354, in execute
    self.error_handler.check_response(response)
  File "/home/airflow/.local/lib/python3.12/site-packages/selenium/webdriver/remote/errorhandler.py", line 229, in check_response
    raise exception_class(message, screen, stacktrace)
selenium.common.exceptions.WebDriverException: Message: unknown error: net::ERR_NAME_NOT_RESOLVED
  (Session info: chrome=128.0.6613.119)
Stacktrace:
#0 0x55875dbbe86a <unknown>
#1 0x55875d88ce50 <unknown>
#2 0x55875d885011 <unknown>
#3 0x55875d8750e9 <unknown>
#4 0x55875d876e54 <unknown>
#5 0x55875d87539d <unknown>
#6 0x55875d874c1c <unknown>
#7 0x55875d874b0d <unknown>
#8 0x55875d872b11 <unknown>
#9 0x55875d8731aa <unknown>
#10 0x55875d88f771 <unknown>
#11 0x55875d920515 <unknown>
#12 0x55875d901492 <unknown>
#13 0x55875d91f9c6 <unknown>
#14 0x55875d901233 <unknown>
#15 0x55875d8cf093 <unknown>
#16 0x55875d8d009e <unknown>
#17 0x55875db85acb <unknown>
#18 0x55875db89a81 <unknown>
#19 0x55875db71695 <unknown>
#20 0x55875db8a5f2 <unknown>
#21 0x55875db5686f <unknown>
#22 0x55875dbad668 <unknown>
#23 0x55875dbad832 <unknown>
#24 0x55875dbbd65c <unknown>
#25 0x7f49f7684a94 <unknown>
#26 0x7f49f7711c3c <unknown>

[2024-10-05T21:01:42.713+0000] {taskinstance.py:1225} INFO - Marking task as FAILED. dag_id=pipeline_webscraping, task_id=kabum_tasks.Web_Extraction_kabum, run_id=manual__2024-10-05T20:56:23.816611+00:00, execution_date=20241005T205623, start_date=20241005T205918, end_date=20241005T210142
[2024-10-05T21:01:42.726+0000] {taskinstance.py:340} INFO - ::group::Post task execution logs
[2024-10-05T21:01:42.727+0000] {standard_task_runner.py:124} ERROR - Failed to execute job 1216 for task kabum_tasks.Web_Extraction_kabum (Message: unknown error: net::ERR_NAME_NOT_RESOLVED
  (Session info: chrome=128.0.6613.119)
Stacktrace:
#0 0x55875dbbe86a <unknown>
#1 0x55875d88ce50 <unknown>
#2 0x55875d885011 <unknown>
#3 0x55875d8750e9 <unknown>
#4 0x55875d876e54 <unknown>
#5 0x55875d87539d <unknown>
#6 0x55875d874c1c <unknown>
#7 0x55875d874b0d <unknown>
#8 0x55875d872b11 <unknown>
#9 0x55875d8731aa <unknown>
#10 0x55875d88f771 <unknown>
#11 0x55875d920515 <unknown>
#12 0x55875d901492 <unknown>
#13 0x55875d91f9c6 <unknown>
#14 0x55875d901233 <unknown>
#15 0x55875d8cf093 <unknown>
#16 0x55875d8d009e <unknown>
#17 0x55875db85acb <unknown>
#18 0x55875db89a81 <unknown>
#19 0x55875db71695 <unknown>
#20 0x55875db8a5f2 <unknown>
#21 0x55875db5686f <unknown>
#22 0x55875dbad668 <unknown>
#23 0x55875dbad832 <unknown>
#24 0x55875dbbd65c <unknown>
#25 0x7f49f7684a94 <unknown>
#26 0x7f49f7711c3c <unknown>
; 10698)
Traceback (most recent call last):
  File "/home/airflow/.local/lib/python3.12/site-packages/airflow/task/task_runner/standard_task_runner.py", line 117, in _start_by_fork
    ret = args.func(args, dag=self.dag)
          ^^^^^^^^^^^^^^^^^^^^^^^^^^^^^
  File "/home/airflow/.local/lib/python3.12/site-packages/airflow/cli/cli_config.py", line 49, in command
    return func(*args, **kwargs)
           ^^^^^^^^^^^^^^^^^^^^^
  File "/home/airflow/.local/lib/python3.12/site-packages/airflow/utils/cli.py", line 115, in wrapper
    return f(*args, **kwargs)
           ^^^^^^^^^^^^^^^^^^
  File "/home/airflow/.local/lib/python3.12/site-packages/airflow/cli/commands/task_command.py", line 483, in task_run
    task_return_code = _run_task_by_selected_method(args, _dag, ti)
                       ^^^^^^^^^^^^^^^^^^^^^^^^^^^^^^^^^^^^^^^^^^^^
  File "/home/airflow/.local/lib/python3.12/site-packages/airflow/cli/commands/task_command.py", line 256, in _run_task_by_selected_method
    return _run_raw_task(args, ti)
           ^^^^^^^^^^^^^^^^^^^^^^^
  File "/home/airflow/.local/lib/python3.12/site-packages/airflow/cli/commands/task_command.py", line 341, in _run_raw_task
    return ti._run_raw_task(
           ^^^^^^^^^^^^^^^^^
  File "/home/airflow/.local/lib/python3.12/site-packages/airflow/utils/session.py", line 97, in wrapper
    return func(*args, session=session, **kwargs)
           ^^^^^^^^^^^^^^^^^^^^^^^^^^^^^^^^^^^^^^
  File "/home/airflow/.local/lib/python3.12/site-packages/airflow/models/taskinstance.py", line 3004, in _run_raw_task
    return _run_raw_task(
           ^^^^^^^^^^^^^^
  File "/home/airflow/.local/lib/python3.12/site-packages/airflow/models/taskinstance.py", line 273, in _run_raw_task
    TaskInstance._execute_task_with_callbacks(
  File "/home/airflow/.local/lib/python3.12/site-packages/airflow/models/taskinstance.py", line 3158, in _execute_task_with_callbacks
    result = self._execute_task(context, task_orig)
             ^^^^^^^^^^^^^^^^^^^^^^^^^^^^^^^^^^^^^^
  File "/home/airflow/.local/lib/python3.12/site-packages/airflow/models/taskinstance.py", line 3182, in _execute_task
    return _execute_task(self, context, task_orig)
           ^^^^^^^^^^^^^^^^^^^^^^^^^^^^^^^^^^^^^^^
  File "/home/airflow/.local/lib/python3.12/site-packages/airflow/models/taskinstance.py", line 767, in _execute_task
    result = _execute_callable(context=context, **execute_callable_kwargs)
             ^^^^^^^^^^^^^^^^^^^^^^^^^^^^^^^^^^^^^^^^^^^^^^^^^^^^^^^^^^^^^
  File "/home/airflow/.local/lib/python3.12/site-packages/airflow/models/taskinstance.py", line 733, in _execute_callable
    return ExecutionCallableRunner(
           ^^^^^^^^^^^^^^^^^^^^^^^^
  File "/home/airflow/.local/lib/python3.12/site-packages/airflow/utils/operator_helpers.py", line 252, in run
    return self.func(*args, **kwargs)
           ^^^^^^^^^^^^^^^^^^^^^^^^^^
  File "/home/airflow/.local/lib/python3.12/site-packages/airflow/models/baseoperator.py", line 406, in wrapper
    return func(self, *args, **kwargs)
           ^^^^^^^^^^^^^^^^^^^^^^^^^^^
  File "/opt/airflow/operators/OperatorSiteBase.py", line 85, in execute
    self.ExtractDates()
  File "/opt/airflow/operators/OperatorSiteB.py", line 31, in ExtractDates
    return super().ExtractDates()
           ^^^^^^^^^^^^^^^^^^^^^^
  File "/opt/airflow/operators/OperatorSiteBase.py", line 51, in ExtractDates
    driver.get(base_url)
  File "/home/airflow/.local/lib/python3.12/site-packages/selenium/webdriver/remote/webdriver.py", line 363, in get
    self.execute(Command.GET, {"url": url})
  File "/home/airflow/.local/lib/python3.12/site-packages/selenium/webdriver/remote/webdriver.py", line 354, in execute
    self.error_handler.check_response(response)
  File "/home/airflow/.local/lib/python3.12/site-packages/selenium/webdriver/remote/errorhandler.py", line 229, in check_response
    raise exception_class(message, screen, stacktrace)
selenium.common.exceptions.WebDriverException: Message: unknown error: net::ERR_NAME_NOT_RESOLVED
  (Session info: chrome=128.0.6613.119)
Stacktrace:
#0 0x55875dbbe86a <unknown>
#1 0x55875d88ce50 <unknown>
#2 0x55875d885011 <unknown>
#3 0x55875d8750e9 <unknown>
#4 0x55875d876e54 <unknown>
#5 0x55875d87539d <unknown>
#6 0x55875d874c1c <unknown>
#7 0x55875d874b0d <unknown>
#8 0x55875d872b11 <unknown>
#9 0x55875d8731aa <unknown>
#10 0x55875d88f771 <unknown>
#11 0x55875d920515 <unknown>
#12 0x55875d901492 <unknown>
#13 0x55875d91f9c6 <unknown>
#14 0x55875d901233 <unknown>
#15 0x55875d8cf093 <unknown>
#16 0x55875d8d009e <unknown>
#17 0x55875db85acb <unknown>
#18 0x55875db89a81 <unknown>
#19 0x55875db71695 <unknown>
#20 0x55875db8a5f2 <unknown>
#21 0x55875db5686f <unknown>
#22 0x55875dbad668 <unknown>
#23 0x55875dbad832 <unknown>
#24 0x55875dbbd65c <unknown>
#25 0x7f49f7684a94 <unknown>
#26 0x7f49f7711c3c <unknown>

[2024-10-05T21:01:42.769+0000] {local_task_job_runner.py:266} INFO - Task exited with return code 1
[2024-10-05T21:01:42.827+0000] {taskinstance.py:3900} INFO - 0 downstream tasks scheduled from follow-on schedule check
[2024-10-05T21:01:42.835+0000] {local_task_job_runner.py:245} INFO - ::endgroup::
