[2024-10-28T13:29:40.492+0000] {local_task_job_runner.py:123} INFO - ::group::Pre task execution logs
[2024-10-28T13:29:40.506+0000] {taskinstance.py:2612} INFO - Dependencies all met for dep_context=non-requeueable deps ti=<TaskInstance: pipeline_webscraping.pichau_tasks.Spark_Transformation_pichau manual__2024-10-28T13:26:59.714956+00:00 [queued]>
[2024-10-28T13:29:40.513+0000] {taskinstance.py:2612} INFO - Dependencies all met for dep_context=requeueable deps ti=<TaskInstance: pipeline_webscraping.pichau_tasks.Spark_Transformation_pichau manual__2024-10-28T13:26:59.714956+00:00 [queued]>
[2024-10-28T13:29:40.514+0000] {taskinstance.py:2865} INFO - Starting attempt 1 of 1
[2024-10-28T13:29:40.529+0000] {taskinstance.py:2888} INFO - Executing <Task(SparkSubmitOperator): pichau_tasks.Spark_Transformation_pichau> on 2024-10-28 13:26:59.714956+00:00
[2024-10-28T13:29:40.535+0000] {warnings.py:112} WARNING - /home/***/.local/lib/python3.12/site-packages/***/task/task_runner/standard_task_runner.py:70: DeprecationWarning: This process (pid=5838) is multi-threaded, use of fork() may lead to deadlocks in the child.
  pid = os.fork()

[2024-10-28T13:29:40.536+0000] {standard_task_runner.py:72} INFO - Started process 5840 to run task
[2024-10-28T13:29:40.537+0000] {standard_task_runner.py:104} INFO - Running: ['***', 'tasks', 'run', 'pipeline_webscraping', 'pichau_tasks.Spark_Transformation_pichau', 'manual__2024-10-28T13:26:59.714956+00:00', '--job-id', '15', '--raw', '--subdir', 'DAGS_FOLDER/DagWebScraping.py', '--cfg-path', '/tmp/tmpfipc3nmh']
[2024-10-28T13:29:40.539+0000] {standard_task_runner.py:105} INFO - Job 15: Subtask pichau_tasks.Spark_Transformation_pichau
[2024-10-28T13:29:40.580+0000] {task_command.py:467} INFO - Running <TaskInstance: pipeline_webscraping.pichau_tasks.Spark_Transformation_pichau manual__2024-10-28T13:26:59.714956+00:00 [running]> on host be3f64fa7691
[2024-10-28T13:29:40.647+0000] {taskinstance.py:3131} INFO - Exporting env vars: AIRFLOW_CTX_DAG_OWNER='***' AIRFLOW_CTX_DAG_ID='pipeline_webscraping' AIRFLOW_CTX_TASK_ID='pichau_tasks.Spark_Transformation_pichau' AIRFLOW_CTX_EXECUTION_DATE='2024-10-28T13:26:59.714956+00:00' AIRFLOW_CTX_TRY_NUMBER='1' AIRFLOW_CTX_DAG_RUN_ID='manual__2024-10-28T13:26:59.714956+00:00'
[2024-10-28T13:29:40.648+0000] {taskinstance.py:731} INFO - ::endgroup::
[2024-10-28T13:29:40.666+0000] {base.py:84} INFO - Retrieving connection 'spark_default'
[2024-10-28T13:29:40.667+0000] {spark_submit.py:327} ERROR - Failed to decode base64 keytab: Incorrect padding
[2024-10-28T13:29:40.669+0000] {spark_submit.py:304} INFO - Could not load connection string spark_default, defaulting to spark://spark:7077
[2024-10-28T13:29:40.671+0000] {spark_submit.py:473} INFO - Spark-Submit cmd: spark-submit --master spark://spark:7077 --conf fs.s3a.access.key=AVcyU1dIcrfI88EqIa7p --conf fs.s3a.secret.key=****** --name arrow-spark --deploy-mode client /opt/bitnami/spark/src/scripts_spark/WebScraping_Transformation.py
[2024-10-28T13:29:41.880+0000] {spark_submit.py:634} INFO - Warning: Ignoring non-Spark config property: fs.s3a.access.key
[2024-10-28T13:29:41.880+0000] {spark_submit.py:634} INFO - Warning: Ignoring non-Spark config property: fs.s3a.secret.key
[2024-10-28T13:29:43.270+0000] {spark_submit.py:634} INFO - usage: WebScraping_Transformation.py [-h] --json_file_path JSON_FILE_PATH
[2024-10-28T13:29:43.271+0000] {spark_submit.py:634} INFO - WebScraping_Transformation.py: error: the following arguments are required: --json_file_path
[2024-10-28T13:29:43.318+0000] {spark_submit.py:634} INFO - 24/10/28 13:29:43 INFO ShutdownHookManager: Shutdown hook called
[2024-10-28T13:29:43.321+0000] {spark_submit.py:634} INFO - 24/10/28 13:29:43 INFO ShutdownHookManager: Deleting directory /tmp/spark-36a1c3bf-3935-4d58-8a15-57a41af3e684
[2024-10-28T13:29:43.355+0000] {taskinstance.py:3310} ERROR - Task failed with exception
Traceback (most recent call last):
  File "/home/airflow/.local/lib/python3.12/site-packages/airflow/models/taskinstance.py", line 767, in _execute_task
    result = _execute_callable(context=context, **execute_callable_kwargs)
             ^^^^^^^^^^^^^^^^^^^^^^^^^^^^^^^^^^^^^^^^^^^^^^^^^^^^^^^^^^^^^
  File "/home/airflow/.local/lib/python3.12/site-packages/airflow/models/taskinstance.py", line 733, in _execute_callable
    return ExecutionCallableRunner(
           ^^^^^^^^^^^^^^^^^^^^^^^^
  File "/home/airflow/.local/lib/python3.12/site-packages/airflow/utils/operator_helpers.py", line 252, in run
    return self.func(*args, **kwargs)
           ^^^^^^^^^^^^^^^^^^^^^^^^^^
  File "/home/airflow/.local/lib/python3.12/site-packages/airflow/models/baseoperator.py", line 406, in wrapper
    return func(self, *args, **kwargs)
           ^^^^^^^^^^^^^^^^^^^^^^^^^^^
  File "/home/airflow/.local/lib/python3.12/site-packages/airflow/providers/apache/spark/operators/spark_submit.py", line 176, in execute
    self._hook.submit(self.application)
  File "/home/airflow/.local/lib/python3.12/site-packages/airflow/providers/apache/spark/hooks/spark_submit.py", line 560, in submit
    raise AirflowException(
airflow.exceptions.AirflowException: Cannot execute: spark-submit --master spark://spark:7077 --conf fs.s3a.access.key=AVcyU1dIcrfI88EqIa7p --conf fs.s3a.secret.key=****** --name arrow-spark --deploy-mode client /opt/bitnami/spark/src/scripts_spark/WebScraping_Transformation.py. Error code is: 2.
[2024-10-28T13:29:43.361+0000] {taskinstance.py:1225} INFO - Marking task as FAILED. dag_id=pipeline_webscraping, task_id=pichau_tasks.Spark_Transformation_pichau, run_id=manual__2024-10-28T13:26:59.714956+00:00, execution_date=20241028T132659, start_date=20241028T132940, end_date=20241028T132943
[2024-10-28T13:29:43.376+0000] {taskinstance.py:340} INFO - ::group::Post task execution logs
[2024-10-28T13:29:43.377+0000] {standard_task_runner.py:124} ERROR - Failed to execute job 15 for task pichau_tasks.Spark_Transformation_pichau (Cannot execute: spark-submit --master spark://spark:7077 --conf fs.s3a.access.key=AVcyU1dIcrfI88EqIa7p --conf fs.s3a.secret.key=****** --name arrow-spark --deploy-mode client /opt/bitnami/spark/src/scripts_spark/WebScraping_Transformation.py. Error code is: 2.; 5840)
Traceback (most recent call last):
  File "/home/airflow/.local/lib/python3.12/site-packages/airflow/task/task_runner/standard_task_runner.py", line 117, in _start_by_fork
    ret = args.func(args, dag=self.dag)
          ^^^^^^^^^^^^^^^^^^^^^^^^^^^^^
  File "/home/airflow/.local/lib/python3.12/site-packages/airflow/cli/cli_config.py", line 49, in command
    return func(*args, **kwargs)
           ^^^^^^^^^^^^^^^^^^^^^
  File "/home/airflow/.local/lib/python3.12/site-packages/airflow/utils/cli.py", line 115, in wrapper
    return f(*args, **kwargs)
           ^^^^^^^^^^^^^^^^^^
  File "/home/airflow/.local/lib/python3.12/site-packages/airflow/cli/commands/task_command.py", line 483, in task_run
    task_return_code = _run_task_by_selected_method(args, _dag, ti)
                       ^^^^^^^^^^^^^^^^^^^^^^^^^^^^^^^^^^^^^^^^^^^^
  File "/home/airflow/.local/lib/python3.12/site-packages/airflow/cli/commands/task_command.py", line 256, in _run_task_by_selected_method
    return _run_raw_task(args, ti)
           ^^^^^^^^^^^^^^^^^^^^^^^
  File "/home/airflow/.local/lib/python3.12/site-packages/airflow/cli/commands/task_command.py", line 341, in _run_raw_task
    return ti._run_raw_task(
           ^^^^^^^^^^^^^^^^^
  File "/home/airflow/.local/lib/python3.12/site-packages/airflow/utils/session.py", line 97, in wrapper
    return func(*args, session=session, **kwargs)
           ^^^^^^^^^^^^^^^^^^^^^^^^^^^^^^^^^^^^^^
  File "/home/airflow/.local/lib/python3.12/site-packages/airflow/models/taskinstance.py", line 3004, in _run_raw_task
    return _run_raw_task(
           ^^^^^^^^^^^^^^
  File "/home/airflow/.local/lib/python3.12/site-packages/airflow/models/taskinstance.py", line 273, in _run_raw_task
    TaskInstance._execute_task_with_callbacks(
  File "/home/airflow/.local/lib/python3.12/site-packages/airflow/models/taskinstance.py", line 3158, in _execute_task_with_callbacks
    result = self._execute_task(context, task_orig)
             ^^^^^^^^^^^^^^^^^^^^^^^^^^^^^^^^^^^^^^
  File "/home/airflow/.local/lib/python3.12/site-packages/airflow/models/taskinstance.py", line 3182, in _execute_task
    return _execute_task(self, context, task_orig)
           ^^^^^^^^^^^^^^^^^^^^^^^^^^^^^^^^^^^^^^^
  File "/home/airflow/.local/lib/python3.12/site-packages/airflow/models/taskinstance.py", line 767, in _execute_task
    result = _execute_callable(context=context, **execute_callable_kwargs)
             ^^^^^^^^^^^^^^^^^^^^^^^^^^^^^^^^^^^^^^^^^^^^^^^^^^^^^^^^^^^^^
  File "/home/airflow/.local/lib/python3.12/site-packages/airflow/models/taskinstance.py", line 733, in _execute_callable
    return ExecutionCallableRunner(
           ^^^^^^^^^^^^^^^^^^^^^^^^
  File "/home/airflow/.local/lib/python3.12/site-packages/airflow/utils/operator_helpers.py", line 252, in run
    return self.func(*args, **kwargs)
           ^^^^^^^^^^^^^^^^^^^^^^^^^^
  File "/home/airflow/.local/lib/python3.12/site-packages/airflow/models/baseoperator.py", line 406, in wrapper
    return func(self, *args, **kwargs)
           ^^^^^^^^^^^^^^^^^^^^^^^^^^^
  File "/home/airflow/.local/lib/python3.12/site-packages/airflow/providers/apache/spark/operators/spark_submit.py", line 176, in execute
    self._hook.submit(self.application)
  File "/home/airflow/.local/lib/python3.12/site-packages/airflow/providers/apache/spark/hooks/spark_submit.py", line 560, in submit
    raise AirflowException(
airflow.exceptions.AirflowException: Cannot execute: spark-submit --master spark://spark:7077 --conf fs.s3a.access.key=AVcyU1dIcrfI88EqIa7p --conf fs.s3a.secret.key=****** --name arrow-spark --deploy-mode client /opt/bitnami/spark/src/scripts_spark/WebScraping_Transformation.py. Error code is: 2.
[2024-10-28T13:29:43.399+0000] {local_task_job_runner.py:266} INFO - Task exited with return code 1
[2024-10-28T13:29:43.422+0000] {taskinstance.py:3900} INFO - 0 downstream tasks scheduled from follow-on schedule check
[2024-10-28T13:29:43.428+0000] {local_task_job_runner.py:245} INFO - ::endgroup::
