[2024-10-10T17:57:10.102+0000] {local_task_job_runner.py:123} INFO - ::group::Pre task execution logs
[2024-10-10T17:57:10.119+0000] {taskinstance.py:2612} INFO - Dependencies all met for dep_context=non-requeueable deps ti=<TaskInstance: LoadWebScraping.submit_spark_job manual__2024-10-10T17:57:06.684754+00:00 [queued]>
[2024-10-10T17:57:10.127+0000] {taskinstance.py:2612} INFO - Dependencies all met for dep_context=requeueable deps ti=<TaskInstance: LoadWebScraping.submit_spark_job manual__2024-10-10T17:57:06.684754+00:00 [queued]>
[2024-10-10T17:57:10.128+0000] {taskinstance.py:2865} INFO - Starting attempt 1 of 1
[2024-10-10T17:57:10.141+0000] {taskinstance.py:2888} INFO - Executing <Task(SparkSubmitOperator): submit_spark_job> on 2024-10-10 17:57:06.684754+00:00
[2024-10-10T17:57:10.146+0000] {warnings.py:112} WARNING - /home/***/.local/lib/python3.12/site-packages/***/task/task_runner/standard_task_runner.py:70: DeprecationWarning: This process (pid=513) is multi-threaded, use of fork() may lead to deadlocks in the child.
  pid = os.fork()

[2024-10-10T17:57:10.148+0000] {standard_task_runner.py:72} INFO - Started process 515 to run task
[2024-10-10T17:57:10.148+0000] {standard_task_runner.py:104} INFO - Running: ['***', 'tasks', 'run', 'LoadWebScraping', 'submit_spark_job', 'manual__2024-10-10T17:57:06.684754+00:00', '--job-id', '1574', '--raw', '--subdir', 'DAGS_FOLDER/LoadWebScraping.py', '--cfg-path', '/tmp/tmpg9e0q0as']
[2024-10-10T17:57:10.151+0000] {standard_task_runner.py:105} INFO - Job 1574: Subtask submit_spark_job
[2024-10-10T17:57:10.201+0000] {task_command.py:467} INFO - Running <TaskInstance: LoadWebScraping.submit_spark_job manual__2024-10-10T17:57:06.684754+00:00 [running]> on host 97b4e38b3eb9
[2024-10-10T17:57:10.488+0000] {taskinstance.py:3131} INFO - Exporting env vars: AIRFLOW_CTX_DAG_OWNER='***' AIRFLOW_CTX_DAG_ID='LoadWebScraping' AIRFLOW_CTX_TASK_ID='submit_spark_job' AIRFLOW_CTX_EXECUTION_DATE='2024-10-10T17:57:06.684754+00:00' AIRFLOW_CTX_TRY_NUMBER='1' AIRFLOW_CTX_DAG_RUN_ID='manual__2024-10-10T17:57:06.684754+00:00'
[2024-10-10T17:57:10.489+0000] {taskinstance.py:731} INFO - ::endgroup::
[2024-10-10T17:57:10.509+0000] {base.py:84} INFO - Retrieving connection 'spark_default'
[2024-10-10T17:57:10.513+0000] {spark_submit.py:403} INFO - Spark-Submit cmd: spark-submit --master spark://spark:7077 --name arrow-spark --verbose --deploy-mode client /opt/bitnami/spark/src/scripts_spark/WebScraping_Transformation.py
[2024-10-10T17:57:12.058+0000] {spark_submit.py:579} INFO - Using properties file: null
[2024-10-10T17:57:12.151+0000] {spark_submit.py:579} INFO - Parsed arguments:
[2024-10-10T17:57:12.152+0000] {spark_submit.py:579} INFO - master                  spark://spark:7077
[2024-10-10T17:57:12.152+0000] {spark_submit.py:579} INFO - remote                  null
[2024-10-10T17:57:12.153+0000] {spark_submit.py:579} INFO - deployMode              client
[2024-10-10T17:57:12.153+0000] {spark_submit.py:579} INFO - executorMemory          null
[2024-10-10T17:57:12.154+0000] {spark_submit.py:579} INFO - executorCores           null
[2024-10-10T17:57:12.154+0000] {spark_submit.py:579} INFO - totalExecutorCores      null
[2024-10-10T17:57:12.155+0000] {spark_submit.py:579} INFO - propertiesFile          null
[2024-10-10T17:57:12.155+0000] {spark_submit.py:579} INFO - driverMemory            null
[2024-10-10T17:57:12.156+0000] {spark_submit.py:579} INFO - driverCores             null
[2024-10-10T17:57:12.156+0000] {spark_submit.py:579} INFO - driverExtraClassPath    null
[2024-10-10T17:57:12.157+0000] {spark_submit.py:579} INFO - driverExtraLibraryPath  null
[2024-10-10T17:57:12.158+0000] {spark_submit.py:579} INFO - driverExtraJavaOptions  null
[2024-10-10T17:57:12.158+0000] {spark_submit.py:579} INFO - supervise               false
[2024-10-10T17:57:12.158+0000] {spark_submit.py:579} INFO - queue                   null
[2024-10-10T17:57:12.159+0000] {spark_submit.py:579} INFO - numExecutors            null
[2024-10-10T17:57:12.159+0000] {spark_submit.py:579} INFO - files                   null
[2024-10-10T17:57:12.160+0000] {spark_submit.py:579} INFO - pyFiles                 null
[2024-10-10T17:57:12.160+0000] {spark_submit.py:579} INFO - archives                null
[2024-10-10T17:57:12.161+0000] {spark_submit.py:579} INFO - mainClass               null
[2024-10-10T17:57:12.161+0000] {spark_submit.py:579} INFO - primaryResource         file:/opt/bitnami/spark/src/scripts_spark/WebScraping_Transformation.py
[2024-10-10T17:57:12.161+0000] {spark_submit.py:579} INFO - name                    arrow-spark
[2024-10-10T17:57:12.162+0000] {spark_submit.py:579} INFO - childArgs               []
[2024-10-10T17:57:12.162+0000] {spark_submit.py:579} INFO - jars                    null
[2024-10-10T17:57:12.163+0000] {spark_submit.py:579} INFO - packages                null
[2024-10-10T17:57:12.163+0000] {spark_submit.py:579} INFO - packagesExclusions      null
[2024-10-10T17:57:12.163+0000] {spark_submit.py:579} INFO - repositories            null
[2024-10-10T17:57:12.164+0000] {spark_submit.py:579} INFO - verbose                 true
[2024-10-10T17:57:12.164+0000] {spark_submit.py:579} INFO - 
[2024-10-10T17:57:12.164+0000] {spark_submit.py:579} INFO - Spark properties used, including those specified through
[2024-10-10T17:57:12.165+0000] {spark_submit.py:579} INFO - --conf and those from the properties file null:
[2024-10-10T17:57:12.165+0000] {spark_submit.py:579} INFO - 
[2024-10-10T17:57:12.165+0000] {spark_submit.py:579} INFO - 
[2024-10-10T17:57:12.166+0000] {spark_submit.py:579} INFO - 
[2024-10-10T17:57:12.360+0000] {spark_submit.py:579} INFO - Main class:
[2024-10-10T17:57:12.361+0000] {spark_submit.py:579} INFO - org.apache.spark.deploy.PythonRunner
[2024-10-10T17:57:12.361+0000] {spark_submit.py:579} INFO - Arguments:
[2024-10-10T17:57:12.362+0000] {spark_submit.py:579} INFO - file:/opt/bitnami/spark/src/scripts_spark/WebScraping_Transformation.py
[2024-10-10T17:57:12.362+0000] {spark_submit.py:579} INFO - null
[2024-10-10T17:57:12.364+0000] {spark_submit.py:579} INFO - Spark config:
[2024-10-10T17:57:12.364+0000] {spark_submit.py:579} INFO - (spark.app.name,arrow-spark)
[2024-10-10T17:57:12.365+0000] {spark_submit.py:579} INFO - (spark.app.submitTime,1728583032348)
[2024-10-10T17:57:12.365+0000] {spark_submit.py:579} INFO - (spark.master,spark://spark:7077)
[2024-10-10T17:57:12.365+0000] {spark_submit.py:579} INFO - (spark.submit.deployMode,client)
[2024-10-10T17:57:12.366+0000] {spark_submit.py:579} INFO - (spark.submit.pyFiles,)
[2024-10-10T17:57:12.366+0000] {spark_submit.py:579} INFO - Classpath elements:
[2024-10-10T17:57:12.367+0000] {spark_submit.py:579} INFO - 
[2024-10-10T17:57:12.367+0000] {spark_submit.py:579} INFO - 
[2024-10-10T17:57:12.367+0000] {spark_submit.py:579} INFO - 
[2024-10-10T17:57:13.557+0000] {spark_submit.py:579} INFO - usage: WebScraping_Transformation.py [-h] --json_file_path JSON_FILE_PATH
[2024-10-10T17:57:13.558+0000] {spark_submit.py:579} INFO - --path_save_transfor PATH_SAVE_TRANSFOR
[2024-10-10T17:57:13.558+0000] {spark_submit.py:579} INFO - WebScraping_Transformation.py: error: the following arguments are required: --json_file_path, --path_save_transfor
[2024-10-10T17:57:13.602+0000] {spark_submit.py:579} INFO - 24/10/10 17:57:13 INFO ShutdownHookManager: Shutdown hook called
[2024-10-10T17:57:13.604+0000] {spark_submit.py:579} INFO - 24/10/10 17:57:13 INFO ShutdownHookManager: Deleting directory /tmp/spark-bb3bf561-f589-4e1d-aff9-e38de4086643
[2024-10-10T17:57:13.644+0000] {taskinstance.py:3310} ERROR - Task failed with exception
Traceback (most recent call last):
  File "/home/airflow/.local/lib/python3.12/site-packages/airflow/models/taskinstance.py", line 767, in _execute_task
    result = _execute_callable(context=context, **execute_callable_kwargs)
             ^^^^^^^^^^^^^^^^^^^^^^^^^^^^^^^^^^^^^^^^^^^^^^^^^^^^^^^^^^^^^
  File "/home/airflow/.local/lib/python3.12/site-packages/airflow/models/taskinstance.py", line 733, in _execute_callable
    return ExecutionCallableRunner(
           ^^^^^^^^^^^^^^^^^^^^^^^^
  File "/home/airflow/.local/lib/python3.12/site-packages/airflow/utils/operator_helpers.py", line 252, in run
    return self.func(*args, **kwargs)
           ^^^^^^^^^^^^^^^^^^^^^^^^^^
  File "/home/airflow/.local/lib/python3.12/site-packages/airflow/models/baseoperator.py", line 406, in wrapper
    return func(self, *args, **kwargs)
           ^^^^^^^^^^^^^^^^^^^^^^^^^^^
  File "/home/airflow/.local/lib/python3.12/site-packages/airflow/providers/apache/spark/operators/spark_submit.py", line 174, in execute
    self._hook.submit(self.application)
  File "/home/airflow/.local/lib/python3.12/site-packages/airflow/providers/apache/spark/hooks/spark_submit.py", line 505, in submit
    raise AirflowException(
airflow.exceptions.AirflowException: Cannot execute: spark-submit --master spark://spark:7077 --name arrow-spark --verbose --deploy-mode client /opt/bitnami/spark/src/scripts_spark/WebScraping_Transformation.py. Error code is: 2.
[2024-10-10T17:57:13.649+0000] {taskinstance.py:1225} INFO - Marking task as FAILED. dag_id=LoadWebScraping, task_id=submit_spark_job, run_id=manual__2024-10-10T17:57:06.684754+00:00, execution_date=20241010T175706, start_date=20241010T175710, end_date=20241010T175713
[2024-10-10T17:57:13.662+0000] {taskinstance.py:340} INFO - ::group::Post task execution logs
[2024-10-10T17:57:13.663+0000] {standard_task_runner.py:124} ERROR - Failed to execute job 1574 for task submit_spark_job (Cannot execute: spark-submit --master spark://spark:7077 --name arrow-spark --verbose --deploy-mode client /opt/bitnami/spark/src/scripts_spark/WebScraping_Transformation.py. Error code is: 2.; 515)
Traceback (most recent call last):
  File "/home/airflow/.local/lib/python3.12/site-packages/airflow/task/task_runner/standard_task_runner.py", line 117, in _start_by_fork
    ret = args.func(args, dag=self.dag)
          ^^^^^^^^^^^^^^^^^^^^^^^^^^^^^
  File "/home/airflow/.local/lib/python3.12/site-packages/airflow/cli/cli_config.py", line 49, in command
    return func(*args, **kwargs)
           ^^^^^^^^^^^^^^^^^^^^^
  File "/home/airflow/.local/lib/python3.12/site-packages/airflow/utils/cli.py", line 115, in wrapper
    return f(*args, **kwargs)
           ^^^^^^^^^^^^^^^^^^
  File "/home/airflow/.local/lib/python3.12/site-packages/airflow/cli/commands/task_command.py", line 483, in task_run
    task_return_code = _run_task_by_selected_method(args, _dag, ti)
                       ^^^^^^^^^^^^^^^^^^^^^^^^^^^^^^^^^^^^^^^^^^^^
  File "/home/airflow/.local/lib/python3.12/site-packages/airflow/cli/commands/task_command.py", line 256, in _run_task_by_selected_method
    return _run_raw_task(args, ti)
           ^^^^^^^^^^^^^^^^^^^^^^^
  File "/home/airflow/.local/lib/python3.12/site-packages/airflow/cli/commands/task_command.py", line 341, in _run_raw_task
    return ti._run_raw_task(
           ^^^^^^^^^^^^^^^^^
  File "/home/airflow/.local/lib/python3.12/site-packages/airflow/utils/session.py", line 97, in wrapper
    return func(*args, session=session, **kwargs)
           ^^^^^^^^^^^^^^^^^^^^^^^^^^^^^^^^^^^^^^
  File "/home/airflow/.local/lib/python3.12/site-packages/airflow/models/taskinstance.py", line 3004, in _run_raw_task
    return _run_raw_task(
           ^^^^^^^^^^^^^^
  File "/home/airflow/.local/lib/python3.12/site-packages/airflow/models/taskinstance.py", line 273, in _run_raw_task
    TaskInstance._execute_task_with_callbacks(
  File "/home/airflow/.local/lib/python3.12/site-packages/airflow/models/taskinstance.py", line 3158, in _execute_task_with_callbacks
    result = self._execute_task(context, task_orig)
             ^^^^^^^^^^^^^^^^^^^^^^^^^^^^^^^^^^^^^^
  File "/home/airflow/.local/lib/python3.12/site-packages/airflow/models/taskinstance.py", line 3182, in _execute_task
    return _execute_task(self, context, task_orig)
           ^^^^^^^^^^^^^^^^^^^^^^^^^^^^^^^^^^^^^^^
  File "/home/airflow/.local/lib/python3.12/site-packages/airflow/models/taskinstance.py", line 767, in _execute_task
    result = _execute_callable(context=context, **execute_callable_kwargs)
             ^^^^^^^^^^^^^^^^^^^^^^^^^^^^^^^^^^^^^^^^^^^^^^^^^^^^^^^^^^^^^
  File "/home/airflow/.local/lib/python3.12/site-packages/airflow/models/taskinstance.py", line 733, in _execute_callable
    return ExecutionCallableRunner(
           ^^^^^^^^^^^^^^^^^^^^^^^^
  File "/home/airflow/.local/lib/python3.12/site-packages/airflow/utils/operator_helpers.py", line 252, in run
    return self.func(*args, **kwargs)
           ^^^^^^^^^^^^^^^^^^^^^^^^^^
  File "/home/airflow/.local/lib/python3.12/site-packages/airflow/models/baseoperator.py", line 406, in wrapper
    return func(self, *args, **kwargs)
           ^^^^^^^^^^^^^^^^^^^^^^^^^^^
  File "/home/airflow/.local/lib/python3.12/site-packages/airflow/providers/apache/spark/operators/spark_submit.py", line 174, in execute
    self._hook.submit(self.application)
  File "/home/airflow/.local/lib/python3.12/site-packages/airflow/providers/apache/spark/hooks/spark_submit.py", line 505, in submit
    raise AirflowException(
airflow.exceptions.AirflowException: Cannot execute: spark-submit --master spark://spark:7077 --name arrow-spark --verbose --deploy-mode client /opt/bitnami/spark/src/scripts_spark/WebScraping_Transformation.py. Error code is: 2.
[2024-10-10T17:57:13.705+0000] {local_task_job_runner.py:266} INFO - Task exited with return code 1
[2024-10-10T17:57:13.719+0000] {taskinstance.py:3900} INFO - 0 downstream tasks scheduled from follow-on schedule check
[2024-10-10T17:57:13.724+0000] {local_task_job_runner.py:245} INFO - ::endgroup::
