[2024-09-02T20:35:49.338+0000] {taskinstance.py:1957} INFO - Dependencies all met for dep_context=non-requeueable deps ti=<TaskInstance: ApiExec.save_data_task scheduled__2024-09-01T00:00:00+00:00 [queued]>
[2024-09-02T20:35:49.355+0000] {taskinstance.py:1957} INFO - Dependencies all met for dep_context=requeueable deps ti=<TaskInstance: ApiExec.save_data_task scheduled__2024-09-01T00:00:00+00:00 [queued]>
[2024-09-02T20:35:49.356+0000] {taskinstance.py:2171} INFO - Starting attempt 1 of 1
[2024-09-02T20:35:49.931+0000] {taskinstance.py:2192} INFO - Executing <Task(PythonOperator): save_data_task> on 2024-09-01 00:00:00+00:00
[2024-09-02T20:35:49.944+0000] {standard_task_runner.py:60} INFO - Started process 73 to run task
[2024-09-02T20:35:49.948+0000] {standard_task_runner.py:87} INFO - Running: ['***', 'tasks', 'run', 'ApiExec', 'save_data_task', 'scheduled__2024-09-01T00:00:00+00:00', '--job-id', '313', '--raw', '--subdir', 'DAGS_FOLDER/ApiExecDag.py', '--cfg-path', '/tmp/tmp42j9hpoq']
[2024-09-02T20:35:49.953+0000] {standard_task_runner.py:88} INFO - Job 313: Subtask save_data_task
[2024-09-02T20:35:50.081+0000] {task_command.py:423} INFO - Running <TaskInstance: ApiExec.save_data_task scheduled__2024-09-01T00:00:00+00:00 [running]> on host 5057ef2b5bb4
[2024-09-02T20:35:50.182+0000] {taskinstance.py:2481} INFO - Exporting env vars: AIRFLOW_CTX_DAG_OWNER='***' AIRFLOW_CTX_DAG_ID='ApiExec' AIRFLOW_CTX_TASK_ID='save_data_task' AIRFLOW_CTX_EXECUTION_DATE='2024-09-01T00:00:00+00:00' AIRFLOW_CTX_TRY_NUMBER='1' AIRFLOW_CTX_DAG_RUN_ID='scheduled__2024-09-01T00:00:00+00:00'
[2024-09-02T20:35:50.185+0000] {taskinstance.py:2699} ERROR - Task failed with exception
Traceback (most recent call last):
  File "/home/airflow/.local/lib/python3.8/site-packages/airflow/models/taskinstance.py", line 433, in _execute_task
    result = execute_callable(context=context, **execute_callable_kwargs)
  File "/home/airflow/.local/lib/python3.8/site-packages/airflow/operators/python.py", line 199, in execute
    return_value = self.execute_callable()
  File "/home/airflow/.local/lib/python3.8/site-packages/airflow/operators/python.py", line 216, in execute_callable
    return self.python_callable(*self.op_args, **self.op_kwargs)
TypeError: save_data() missing 1 required positional argument: 'to'
[2024-09-02T20:35:50.194+0000] {taskinstance.py:1138} INFO - Marking task as FAILED. dag_id=ApiExec, task_id=save_data_task, execution_date=20240901T000000, start_date=20240902T203549, end_date=20240902T203550
[2024-09-02T20:35:50.208+0000] {standard_task_runner.py:107} ERROR - Failed to execute job 313 for task save_data_task (save_data() missing 1 required positional argument: 'to'; 73)
[2024-09-02T20:35:50.252+0000] {local_task_job_runner.py:234} INFO - Task exited with return code 1
[2024-09-02T20:35:50.275+0000] {taskinstance.py:3281} INFO - 0 downstream tasks scheduled from follow-on schedule check
[2024-09-03T19:57:11.113+0000] {taskinstance.py:1957} INFO - Dependencies all met for dep_context=non-requeueable deps ti=<TaskInstance: ApiExec.save_data_task scheduled__2024-09-01T00:00:00+00:00 [queued]>
[2024-09-03T19:57:11.120+0000] {taskinstance.py:1957} INFO - Dependencies all met for dep_context=requeueable deps ti=<TaskInstance: ApiExec.save_data_task scheduled__2024-09-01T00:00:00+00:00 [queued]>
[2024-09-03T19:57:11.121+0000] {taskinstance.py:2171} INFO - Starting attempt 1 of 1
[2024-09-03T19:57:11.134+0000] {taskinstance.py:2192} INFO - Executing <Task(PythonOperator): save_data_task> on 2024-09-01 00:00:00+00:00
[2024-09-03T19:57:11.139+0000] {standard_task_runner.py:60} INFO - Started process 115 to run task
[2024-09-03T19:57:11.142+0000] {standard_task_runner.py:87} INFO - Running: ['***', 'tasks', 'run', 'ApiExec', 'save_data_task', 'scheduled__2024-09-01T00:00:00+00:00', '--job-id', '337', '--raw', '--subdir', 'DAGS_FOLDER/ApiExecDag.py', '--cfg-path', '/tmp/tmpj38k094q']
[2024-09-03T19:57:11.145+0000] {standard_task_runner.py:88} INFO - Job 337: Subtask save_data_task
[2024-09-03T19:57:11.188+0000] {task_command.py:423} INFO - Running <TaskInstance: ApiExec.save_data_task scheduled__2024-09-01T00:00:00+00:00 [running]> on host 7bd139ff6549
[2024-09-03T19:57:11.322+0000] {taskinstance.py:2481} INFO - Exporting env vars: AIRFLOW_CTX_DAG_OWNER='***' AIRFLOW_CTX_DAG_ID='ApiExec' AIRFLOW_CTX_TASK_ID='save_data_task' AIRFLOW_CTX_EXECUTION_DATE='2024-09-01T00:00:00+00:00' AIRFLOW_CTX_TRY_NUMBER='1' AIRFLOW_CTX_DAG_RUN_ID='scheduled__2024-09-01T00:00:00+00:00'
[2024-09-03T19:57:11.343+0000] {taskinstance.py:2699} ERROR - Task failed with exception
Traceback (most recent call last):
  File "/home/airflow/.local/lib/python3.8/site-packages/airflow/models/taskinstance.py", line 433, in _execute_task
    result = execute_callable(context=context, **execute_callable_kwargs)
  File "/home/airflow/.local/lib/python3.8/site-packages/airflow/operators/python.py", line 199, in execute
    return_value = self.execute_callable()
  File "/home/airflow/.local/lib/python3.8/site-packages/airflow/operators/python.py", line 216, in execute_callable
    return self.python_callable(*self.op_args, **self.op_kwargs)
TypeError: save_data() missing 1 required positional argument: 'to'
[2024-09-03T19:57:11.352+0000] {taskinstance.py:1138} INFO - Marking task as FAILED. dag_id=ApiExec, task_id=save_data_task, execution_date=20240901T000000, start_date=20240903T195711, end_date=20240903T195711
[2024-09-03T19:57:11.366+0000] {standard_task_runner.py:107} ERROR - Failed to execute job 337 for task save_data_task (save_data() missing 1 required positional argument: 'to'; 115)
[2024-09-03T19:57:11.395+0000] {local_task_job_runner.py:234} INFO - Task exited with return code 1
[2024-09-03T19:57:11.414+0000] {taskinstance.py:3281} INFO - 0 downstream tasks scheduled from follow-on schedule check
