[2024-09-21T17:10:30.953+0000] {local_task_job_runner.py:123} INFO - ::group::Pre task execution logs
[2024-09-21T17:10:30.970+0000] {taskinstance.py:2612} INFO - Dependencies all met for dep_context=non-requeueable deps ti=<TaskInstance: spark_example_dag.submit_spark_job scheduled__2024-09-20T00:00:00+00:00 [queued]>
[2024-09-21T17:10:30.980+0000] {taskinstance.py:2612} INFO - Dependencies all met for dep_context=requeueable deps ti=<TaskInstance: spark_example_dag.submit_spark_job scheduled__2024-09-20T00:00:00+00:00 [queued]>
[2024-09-21T17:10:30.981+0000] {taskinstance.py:2865} INFO - Starting attempt 2 of 2
[2024-09-21T17:10:30.996+0000] {taskinstance.py:2888} INFO - Executing <Task(SparkSubmitOperator): submit_spark_job> on 2024-09-20 00:00:00+00:00
[2024-09-21T17:10:31.000+0000] {warnings.py:112} WARNING - /home/***/.local/lib/python3.12/site-packages/***/task/task_runner/standard_task_runner.py:70: DeprecationWarning: This process (pid=89) is multi-threaded, use of fork() may lead to deadlocks in the child.
  pid = os.fork()

[2024-09-21T17:10:31.002+0000] {standard_task_runner.py:72} INFO - Started process 92 to run task
[2024-09-21T17:10:31.002+0000] {standard_task_runner.py:104} INFO - Running: ['***', 'tasks', 'run', 'spark_example_dag', 'submit_spark_job', 'scheduled__2024-09-20T00:00:00+00:00', '--job-id', '282', '--raw', '--subdir', 'DAGS_FOLDER/jobsSpark.py', '--cfg-path', '/tmp/tmpqkuu7l26']
[2024-09-21T17:10:31.003+0000] {standard_task_runner.py:105} INFO - Job 282: Subtask submit_spark_job
[2024-09-21T17:10:31.048+0000] {task_command.py:467} INFO - Running <TaskInstance: spark_example_dag.submit_spark_job scheduled__2024-09-20T00:00:00+00:00 [running]> on host e437ac4ad5a8
[2024-09-21T17:10:31.128+0000] {taskinstance.py:3131} INFO - Exporting env vars: AIRFLOW_CTX_DAG_OWNER='***' AIRFLOW_CTX_DAG_ID='spark_example_dag' AIRFLOW_CTX_TASK_ID='submit_spark_job' AIRFLOW_CTX_EXECUTION_DATE='2024-09-20T00:00:00+00:00' AIRFLOW_CTX_TRY_NUMBER='2' AIRFLOW_CTX_DAG_RUN_ID='scheduled__2024-09-20T00:00:00+00:00'
[2024-09-21T17:10:31.129+0000] {taskinstance.py:731} INFO - ::endgroup::
[2024-09-21T17:10:31.144+0000] {base.py:84} INFO - Retrieving connection 'spark_default'
[2024-09-21T17:10:31.146+0000] {spark_submit.py:403} INFO - Spark-Submit cmd: spark-submit --master spark:7077 --conf master=spark://2eafd8b83fc9:7077 --name spark_job /opt/***/dags/my_spark_app.py
[2024-09-21T17:10:31.198+0000] {spark_submit.py:579} INFO - /home/***/.local/lib/python3.12/site-packages/pyspark/bin/spark-class: line 71: /usr/lib/jvm/java-11-openjdk-amd64/bin/java: No such file or directory
[2024-09-21T17:10:31.198+0000] {spark_submit.py:579} INFO - /home/***/.local/lib/python3.12/site-packages/pyspark/bin/spark-class: line 97: CMD: bad array subscript
[2024-09-21T17:10:31.208+0000] {taskinstance.py:3310} ERROR - Task failed with exception
Traceback (most recent call last):
  File "/home/airflow/.local/lib/python3.12/site-packages/airflow/models/taskinstance.py", line 767, in _execute_task
    result = _execute_callable(context=context, **execute_callable_kwargs)
             ^^^^^^^^^^^^^^^^^^^^^^^^^^^^^^^^^^^^^^^^^^^^^^^^^^^^^^^^^^^^^
  File "/home/airflow/.local/lib/python3.12/site-packages/airflow/models/taskinstance.py", line 733, in _execute_callable
    return ExecutionCallableRunner(
           ^^^^^^^^^^^^^^^^^^^^^^^^
  File "/home/airflow/.local/lib/python3.12/site-packages/airflow/utils/operator_helpers.py", line 252, in run
    return self.func(*args, **kwargs)
           ^^^^^^^^^^^^^^^^^^^^^^^^^^
  File "/home/airflow/.local/lib/python3.12/site-packages/airflow/models/baseoperator.py", line 406, in wrapper
    return func(self, *args, **kwargs)
           ^^^^^^^^^^^^^^^^^^^^^^^^^^^
  File "/home/airflow/.local/lib/python3.12/site-packages/airflow/providers/apache/spark/operators/spark_submit.py", line 174, in execute
    self._hook.submit(self.application)
  File "/home/airflow/.local/lib/python3.12/site-packages/airflow/providers/apache/spark/hooks/spark_submit.py", line 505, in submit
    raise AirflowException(
airflow.exceptions.AirflowException: Cannot execute: spark-submit --master spark:7077 --conf master=spark://2eafd8b83fc9:7077 --name spark_job /opt/***/dags/my_spark_app.py. Error code is: 1.
[2024-09-21T17:10:31.212+0000] {taskinstance.py:1225} INFO - Marking task as FAILED. dag_id=spark_example_dag, task_id=submit_spark_job, run_id=scheduled__2024-09-20T00:00:00+00:00, execution_date=20240920T000000, start_date=20240921T171030, end_date=20240921T171031
[2024-09-21T17:10:31.225+0000] {taskinstance.py:340} INFO - ::group::Post task execution logs
[2024-09-21T17:10:31.226+0000] {standard_task_runner.py:124} ERROR - Failed to execute job 282 for task submit_spark_job (Cannot execute: spark-submit --master spark:7077 --conf master=spark://2eafd8b83fc9:7077 --name spark_job /opt/***/dags/my_spark_app.py. Error code is: 1.; 92)
Traceback (most recent call last):
  File "/home/airflow/.local/lib/python3.12/site-packages/airflow/task/task_runner/standard_task_runner.py", line 117, in _start_by_fork
    ret = args.func(args, dag=self.dag)
          ^^^^^^^^^^^^^^^^^^^^^^^^^^^^^
  File "/home/airflow/.local/lib/python3.12/site-packages/airflow/cli/cli_config.py", line 49, in command
    return func(*args, **kwargs)
           ^^^^^^^^^^^^^^^^^^^^^
  File "/home/airflow/.local/lib/python3.12/site-packages/airflow/utils/cli.py", line 115, in wrapper
    return f(*args, **kwargs)
           ^^^^^^^^^^^^^^^^^^
  File "/home/airflow/.local/lib/python3.12/site-packages/airflow/cli/commands/task_command.py", line 483, in task_run
    task_return_code = _run_task_by_selected_method(args, _dag, ti)
                       ^^^^^^^^^^^^^^^^^^^^^^^^^^^^^^^^^^^^^^^^^^^^
  File "/home/airflow/.local/lib/python3.12/site-packages/airflow/cli/commands/task_command.py", line 256, in _run_task_by_selected_method
    return _run_raw_task(args, ti)
           ^^^^^^^^^^^^^^^^^^^^^^^
  File "/home/airflow/.local/lib/python3.12/site-packages/airflow/cli/commands/task_command.py", line 341, in _run_raw_task
    return ti._run_raw_task(
           ^^^^^^^^^^^^^^^^^
  File "/home/airflow/.local/lib/python3.12/site-packages/airflow/utils/session.py", line 97, in wrapper
    return func(*args, session=session, **kwargs)
           ^^^^^^^^^^^^^^^^^^^^^^^^^^^^^^^^^^^^^^
  File "/home/airflow/.local/lib/python3.12/site-packages/airflow/models/taskinstance.py", line 3004, in _run_raw_task
    return _run_raw_task(
           ^^^^^^^^^^^^^^
  File "/home/airflow/.local/lib/python3.12/site-packages/airflow/models/taskinstance.py", line 273, in _run_raw_task
    TaskInstance._execute_task_with_callbacks(
  File "/home/airflow/.local/lib/python3.12/site-packages/airflow/models/taskinstance.py", line 3158, in _execute_task_with_callbacks
    result = self._execute_task(context, task_orig)
             ^^^^^^^^^^^^^^^^^^^^^^^^^^^^^^^^^^^^^^
  File "/home/airflow/.local/lib/python3.12/site-packages/airflow/models/taskinstance.py", line 3182, in _execute_task
    return _execute_task(self, context, task_orig)
           ^^^^^^^^^^^^^^^^^^^^^^^^^^^^^^^^^^^^^^^
  File "/home/airflow/.local/lib/python3.12/site-packages/airflow/models/taskinstance.py", line 767, in _execute_task
    result = _execute_callable(context=context, **execute_callable_kwargs)
             ^^^^^^^^^^^^^^^^^^^^^^^^^^^^^^^^^^^^^^^^^^^^^^^^^^^^^^^^^^^^^
  File "/home/airflow/.local/lib/python3.12/site-packages/airflow/models/taskinstance.py", line 733, in _execute_callable
    return ExecutionCallableRunner(
           ^^^^^^^^^^^^^^^^^^^^^^^^
  File "/home/airflow/.local/lib/python3.12/site-packages/airflow/utils/operator_helpers.py", line 252, in run
    return self.func(*args, **kwargs)
           ^^^^^^^^^^^^^^^^^^^^^^^^^^
  File "/home/airflow/.local/lib/python3.12/site-packages/airflow/models/baseoperator.py", line 406, in wrapper
    return func(self, *args, **kwargs)
           ^^^^^^^^^^^^^^^^^^^^^^^^^^^
  File "/home/airflow/.local/lib/python3.12/site-packages/airflow/providers/apache/spark/operators/spark_submit.py", line 174, in execute
    self._hook.submit(self.application)
  File "/home/airflow/.local/lib/python3.12/site-packages/airflow/providers/apache/spark/hooks/spark_submit.py", line 505, in submit
    raise AirflowException(
airflow.exceptions.AirflowException: Cannot execute: spark-submit --master spark:7077 --conf master=spark://2eafd8b83fc9:7077 --name spark_job /opt/***/dags/my_spark_app.py. Error code is: 1.
[2024-09-21T17:10:31.257+0000] {local_task_job_runner.py:266} INFO - Task exited with return code 1
[2024-09-21T17:10:31.271+0000] {taskinstance.py:3900} INFO - 0 downstream tasks scheduled from follow-on schedule check
[2024-09-21T17:10:31.408+0000] {local_task_job_runner.py:245} INFO - ::endgroup::
[2024-09-21T17:29:23.662+0000] {local_task_job_runner.py:123} INFO - ::group::Pre task execution logs
[2024-09-21T17:29:23.682+0000] {taskinstance.py:2612} INFO - Dependencies all met for dep_context=non-requeueable deps ti=<TaskInstance: spark_example_dag.submit_spark_job scheduled__2024-09-20T00:00:00+00:00 [queued]>
[2024-09-21T17:29:23.690+0000] {taskinstance.py:2612} INFO - Dependencies all met for dep_context=requeueable deps ti=<TaskInstance: spark_example_dag.submit_spark_job scheduled__2024-09-20T00:00:00+00:00 [queued]>
[2024-09-21T17:29:23.691+0000] {taskinstance.py:2865} INFO - Starting attempt 2 of 2
[2024-09-21T17:29:23.707+0000] {taskinstance.py:2888} INFO - Executing <Task(SparkSubmitOperator): submit_spark_job> on 2024-09-20 00:00:00+00:00
[2024-09-21T17:29:23.712+0000] {warnings.py:112} WARNING - /home/***/.local/lib/python3.12/site-packages/***/task/task_runner/standard_task_runner.py:70: DeprecationWarning: This process (pid=206) is multi-threaded, use of fork() may lead to deadlocks in the child.
  pid = os.fork()

[2024-09-21T17:29:23.713+0000] {standard_task_runner.py:72} INFO - Started process 209 to run task
[2024-09-21T17:29:23.713+0000] {standard_task_runner.py:104} INFO - Running: ['***', 'tasks', 'run', 'spark_example_dag', 'submit_spark_job', 'scheduled__2024-09-20T00:00:00+00:00', '--job-id', '289', '--raw', '--subdir', 'DAGS_FOLDER/jobsSpark.py', '--cfg-path', '/tmp/tmp_vmlp9v8']
[2024-09-21T17:29:23.715+0000] {standard_task_runner.py:105} INFO - Job 289: Subtask submit_spark_job
[2024-09-21T17:29:23.760+0000] {task_command.py:467} INFO - Running <TaskInstance: spark_example_dag.submit_spark_job scheduled__2024-09-20T00:00:00+00:00 [running]> on host e437ac4ad5a8
[2024-09-21T17:29:23.833+0000] {taskinstance.py:3131} INFO - Exporting env vars: AIRFLOW_CTX_DAG_OWNER='***' AIRFLOW_CTX_DAG_ID='spark_example_dag' AIRFLOW_CTX_TASK_ID='submit_spark_job' AIRFLOW_CTX_EXECUTION_DATE='2024-09-20T00:00:00+00:00' AIRFLOW_CTX_TRY_NUMBER='2' AIRFLOW_CTX_DAG_RUN_ID='scheduled__2024-09-20T00:00:00+00:00'
[2024-09-21T17:29:23.834+0000] {taskinstance.py:731} INFO - ::endgroup::
[2024-09-21T17:29:23.849+0000] {base.py:84} INFO - Retrieving connection 'spark_default'
[2024-09-21T17:29:23.851+0000] {spark_submit.py:403} INFO - Spark-Submit cmd: spark-submit --master spark:7077 --conf master=spark://2eafd8b83fc9:7077 --name spark_job /opt/***/dags/my_spark_app.py
[2024-09-21T17:29:23.905+0000] {spark_submit.py:579} INFO - /home/***/.local/lib/python3.12/site-packages/pyspark/bin/spark-class: line 71: /usr/lib/jvm/java-11-openjdk-amd64/bin/java: No such file or directory
[2024-09-21T17:29:23.908+0000] {spark_submit.py:579} INFO - /home/***/.local/lib/python3.12/site-packages/pyspark/bin/spark-class: line 97: CMD: bad array subscript
[2024-09-21T17:29:23.918+0000] {taskinstance.py:3310} ERROR - Task failed with exception
Traceback (most recent call last):
  File "/home/airflow/.local/lib/python3.12/site-packages/airflow/models/taskinstance.py", line 767, in _execute_task
    result = _execute_callable(context=context, **execute_callable_kwargs)
             ^^^^^^^^^^^^^^^^^^^^^^^^^^^^^^^^^^^^^^^^^^^^^^^^^^^^^^^^^^^^^
  File "/home/airflow/.local/lib/python3.12/site-packages/airflow/models/taskinstance.py", line 733, in _execute_callable
    return ExecutionCallableRunner(
           ^^^^^^^^^^^^^^^^^^^^^^^^
  File "/home/airflow/.local/lib/python3.12/site-packages/airflow/utils/operator_helpers.py", line 252, in run
    return self.func(*args, **kwargs)
           ^^^^^^^^^^^^^^^^^^^^^^^^^^
  File "/home/airflow/.local/lib/python3.12/site-packages/airflow/models/baseoperator.py", line 406, in wrapper
    return func(self, *args, **kwargs)
           ^^^^^^^^^^^^^^^^^^^^^^^^^^^
  File "/home/airflow/.local/lib/python3.12/site-packages/airflow/providers/apache/spark/operators/spark_submit.py", line 174, in execute
    self._hook.submit(self.application)
  File "/home/airflow/.local/lib/python3.12/site-packages/airflow/providers/apache/spark/hooks/spark_submit.py", line 505, in submit
    raise AirflowException(
airflow.exceptions.AirflowException: Cannot execute: spark-submit --master spark:7077 --conf master=spark://2eafd8b83fc9:7077 --name spark_job /opt/***/dags/my_spark_app.py. Error code is: 1.
[2024-09-21T17:29:23.925+0000] {taskinstance.py:1225} INFO - Marking task as FAILED. dag_id=spark_example_dag, task_id=submit_spark_job, run_id=scheduled__2024-09-20T00:00:00+00:00, execution_date=20240920T000000, start_date=20240921T172923, end_date=20240921T172923
[2024-09-21T17:29:23.942+0000] {taskinstance.py:340} INFO - ::group::Post task execution logs
[2024-09-21T17:29:23.943+0000] {standard_task_runner.py:124} ERROR - Failed to execute job 289 for task submit_spark_job (Cannot execute: spark-submit --master spark:7077 --conf master=spark://2eafd8b83fc9:7077 --name spark_job /opt/***/dags/my_spark_app.py. Error code is: 1.; 209)
Traceback (most recent call last):
  File "/home/airflow/.local/lib/python3.12/site-packages/airflow/task/task_runner/standard_task_runner.py", line 117, in _start_by_fork
    ret = args.func(args, dag=self.dag)
          ^^^^^^^^^^^^^^^^^^^^^^^^^^^^^
  File "/home/airflow/.local/lib/python3.12/site-packages/airflow/cli/cli_config.py", line 49, in command
    return func(*args, **kwargs)
           ^^^^^^^^^^^^^^^^^^^^^
  File "/home/airflow/.local/lib/python3.12/site-packages/airflow/utils/cli.py", line 115, in wrapper
    return f(*args, **kwargs)
           ^^^^^^^^^^^^^^^^^^
  File "/home/airflow/.local/lib/python3.12/site-packages/airflow/cli/commands/task_command.py", line 483, in task_run
    task_return_code = _run_task_by_selected_method(args, _dag, ti)
                       ^^^^^^^^^^^^^^^^^^^^^^^^^^^^^^^^^^^^^^^^^^^^
  File "/home/airflow/.local/lib/python3.12/site-packages/airflow/cli/commands/task_command.py", line 256, in _run_task_by_selected_method
    return _run_raw_task(args, ti)
           ^^^^^^^^^^^^^^^^^^^^^^^
  File "/home/airflow/.local/lib/python3.12/site-packages/airflow/cli/commands/task_command.py", line 341, in _run_raw_task
    return ti._run_raw_task(
           ^^^^^^^^^^^^^^^^^
  File "/home/airflow/.local/lib/python3.12/site-packages/airflow/utils/session.py", line 97, in wrapper
    return func(*args, session=session, **kwargs)
           ^^^^^^^^^^^^^^^^^^^^^^^^^^^^^^^^^^^^^^
  File "/home/airflow/.local/lib/python3.12/site-packages/airflow/models/taskinstance.py", line 3004, in _run_raw_task
    return _run_raw_task(
           ^^^^^^^^^^^^^^
  File "/home/airflow/.local/lib/python3.12/site-packages/airflow/models/taskinstance.py", line 273, in _run_raw_task
    TaskInstance._execute_task_with_callbacks(
  File "/home/airflow/.local/lib/python3.12/site-packages/airflow/models/taskinstance.py", line 3158, in _execute_task_with_callbacks
    result = self._execute_task(context, task_orig)
             ^^^^^^^^^^^^^^^^^^^^^^^^^^^^^^^^^^^^^^
  File "/home/airflow/.local/lib/python3.12/site-packages/airflow/models/taskinstance.py", line 3182, in _execute_task
    return _execute_task(self, context, task_orig)
           ^^^^^^^^^^^^^^^^^^^^^^^^^^^^^^^^^^^^^^^
  File "/home/airflow/.local/lib/python3.12/site-packages/airflow/models/taskinstance.py", line 767, in _execute_task
    result = _execute_callable(context=context, **execute_callable_kwargs)
             ^^^^^^^^^^^^^^^^^^^^^^^^^^^^^^^^^^^^^^^^^^^^^^^^^^^^^^^^^^^^^
  File "/home/airflow/.local/lib/python3.12/site-packages/airflow/models/taskinstance.py", line 733, in _execute_callable
    return ExecutionCallableRunner(
           ^^^^^^^^^^^^^^^^^^^^^^^^
  File "/home/airflow/.local/lib/python3.12/site-packages/airflow/utils/operator_helpers.py", line 252, in run
    return self.func(*args, **kwargs)
           ^^^^^^^^^^^^^^^^^^^^^^^^^^
  File "/home/airflow/.local/lib/python3.12/site-packages/airflow/models/baseoperator.py", line 406, in wrapper
    return func(self, *args, **kwargs)
           ^^^^^^^^^^^^^^^^^^^^^^^^^^^
  File "/home/airflow/.local/lib/python3.12/site-packages/airflow/providers/apache/spark/operators/spark_submit.py", line 174, in execute
    self._hook.submit(self.application)
  File "/home/airflow/.local/lib/python3.12/site-packages/airflow/providers/apache/spark/hooks/spark_submit.py", line 505, in submit
    raise AirflowException(
airflow.exceptions.AirflowException: Cannot execute: spark-submit --master spark:7077 --conf master=spark://2eafd8b83fc9:7077 --name spark_job /opt/***/dags/my_spark_app.py. Error code is: 1.
[2024-09-21T17:29:23.968+0000] {local_task_job_runner.py:266} INFO - Task exited with return code 1
[2024-09-21T17:29:23.982+0000] {taskinstance.py:3900} INFO - 0 downstream tasks scheduled from follow-on schedule check
[2024-09-21T17:29:23.989+0000] {local_task_job_runner.py:245} INFO - ::endgroup::
[2024-09-21T19:52:36.279+0000] {local_task_job_runner.py:123} INFO - ::group::Pre task execution logs
[2024-09-21T19:52:36.297+0000] {taskinstance.py:2612} INFO - Dependencies all met for dep_context=non-requeueable deps ti=<TaskInstance: spark_example_dag.submit_spark_job scheduled__2024-09-20T00:00:00+00:00 [queued]>
[2024-09-21T19:52:36.306+0000] {taskinstance.py:2612} INFO - Dependencies all met for dep_context=requeueable deps ti=<TaskInstance: spark_example_dag.submit_spark_job scheduled__2024-09-20T00:00:00+00:00 [queued]>
[2024-09-21T19:52:36.307+0000] {taskinstance.py:2865} INFO - Starting attempt 2 of 2
[2024-09-21T19:52:36.320+0000] {taskinstance.py:2888} INFO - Executing <Task(SparkSubmitOperator): submit_spark_job> on 2024-09-20 00:00:00+00:00
[2024-09-21T19:52:36.324+0000] {warnings.py:112} WARNING - /home/***/.local/lib/python3.12/site-packages/***/task/task_runner/standard_task_runner.py:70: DeprecationWarning: This process (pid=185) is multi-threaded, use of fork() may lead to deadlocks in the child.
  pid = os.fork()

[2024-09-21T19:52:36.326+0000] {standard_task_runner.py:72} INFO - Started process 186 to run task
[2024-09-21T19:52:36.326+0000] {standard_task_runner.py:104} INFO - Running: ['***', 'tasks', 'run', 'spark_example_dag', 'submit_spark_job', 'scheduled__2024-09-20T00:00:00+00:00', '--job-id', '310', '--raw', '--subdir', 'DAGS_FOLDER/jobsSpark.py', '--cfg-path', '/tmp/tmpanvrs9qf']
[2024-09-21T19:52:36.327+0000] {standard_task_runner.py:105} INFO - Job 310: Subtask submit_spark_job
[2024-09-21T19:52:36.371+0000] {task_command.py:467} INFO - Running <TaskInstance: spark_example_dag.submit_spark_job scheduled__2024-09-20T00:00:00+00:00 [running]> on host 3ee38499fb13
[2024-09-21T19:52:36.454+0000] {taskinstance.py:3131} INFO - Exporting env vars: AIRFLOW_CTX_DAG_OWNER='***' AIRFLOW_CTX_DAG_ID='spark_example_dag' AIRFLOW_CTX_TASK_ID='submit_spark_job' AIRFLOW_CTX_EXECUTION_DATE='2024-09-20T00:00:00+00:00' AIRFLOW_CTX_TRY_NUMBER='2' AIRFLOW_CTX_DAG_RUN_ID='scheduled__2024-09-20T00:00:00+00:00'
[2024-09-21T19:52:36.455+0000] {taskinstance.py:731} INFO - ::endgroup::
[2024-09-21T19:52:36.475+0000] {base.py:84} INFO - Retrieving connection 'spark_default'
[2024-09-21T19:52:36.477+0000] {spark_submit.py:403} INFO - Spark-Submit cmd: spark-submit --master spark://spark:7077 --conf master=spark://2eafd8b83fc9:7077 --conf spark.executorEnv.JAVA_HOME=/opt/bitnami/java --conf spark.driverEnv.JAVA_HOME=/opt/bitnami/java --name spark_job --deploy-mode client /opt/***/dags/my_spark_app.py
[2024-09-21T19:52:36.526+0000] {spark_submit.py:579} INFO - /home/***/.local/lib/python3.12/site-packages/pyspark/bin/spark-class: line 71: /usr/lib/jvm/java-11-openjdk-amd64/bin/java: No such file or directory
[2024-09-21T19:52:36.527+0000] {spark_submit.py:579} INFO - /home/***/.local/lib/python3.12/site-packages/pyspark/bin/spark-class: line 97: CMD: bad array subscript
[2024-09-21T19:52:36.536+0000] {taskinstance.py:3310} ERROR - Task failed with exception
Traceback (most recent call last):
  File "/home/airflow/.local/lib/python3.12/site-packages/airflow/models/taskinstance.py", line 767, in _execute_task
    result = _execute_callable(context=context, **execute_callable_kwargs)
             ^^^^^^^^^^^^^^^^^^^^^^^^^^^^^^^^^^^^^^^^^^^^^^^^^^^^^^^^^^^^^
  File "/home/airflow/.local/lib/python3.12/site-packages/airflow/models/taskinstance.py", line 733, in _execute_callable
    return ExecutionCallableRunner(
           ^^^^^^^^^^^^^^^^^^^^^^^^
  File "/home/airflow/.local/lib/python3.12/site-packages/airflow/utils/operator_helpers.py", line 252, in run
    return self.func(*args, **kwargs)
           ^^^^^^^^^^^^^^^^^^^^^^^^^^
  File "/home/airflow/.local/lib/python3.12/site-packages/airflow/models/baseoperator.py", line 406, in wrapper
    return func(self, *args, **kwargs)
           ^^^^^^^^^^^^^^^^^^^^^^^^^^^
  File "/home/airflow/.local/lib/python3.12/site-packages/airflow/providers/apache/spark/operators/spark_submit.py", line 174, in execute
    self._hook.submit(self.application)
  File "/home/airflow/.local/lib/python3.12/site-packages/airflow/providers/apache/spark/hooks/spark_submit.py", line 505, in submit
    raise AirflowException(
airflow.exceptions.AirflowException: Cannot execute: spark-submit --master spark://spark:7077 --conf master=spark://2eafd8b83fc9:7077 --conf spark.executorEnv.JAVA_HOME=/opt/bitnami/java --conf spark.driverEnv.JAVA_HOME=/opt/bitnami/java --name spark_job --deploy-mode client /opt/***/dags/my_spark_app.py. Error code is: 1.
[2024-09-21T19:52:36.540+0000] {taskinstance.py:1225} INFO - Marking task as FAILED. dag_id=spark_example_dag, task_id=submit_spark_job, run_id=scheduled__2024-09-20T00:00:00+00:00, execution_date=20240920T000000, start_date=20240921T195236, end_date=20240921T195236
[2024-09-21T19:52:36.552+0000] {taskinstance.py:340} INFO - ::group::Post task execution logs
[2024-09-21T19:52:36.553+0000] {standard_task_runner.py:124} ERROR - Failed to execute job 310 for task submit_spark_job (Cannot execute: spark-submit --master spark://spark:7077 --conf master=spark://2eafd8b83fc9:7077 --conf spark.executorEnv.JAVA_HOME=/opt/bitnami/java --conf spark.driverEnv.JAVA_HOME=/opt/bitnami/java --name spark_job --deploy-mode client /opt/***/dags/my_spark_app.py. Error code is: 1.; 186)
Traceback (most recent call last):
  File "/home/airflow/.local/lib/python3.12/site-packages/airflow/task/task_runner/standard_task_runner.py", line 117, in _start_by_fork
    ret = args.func(args, dag=self.dag)
          ^^^^^^^^^^^^^^^^^^^^^^^^^^^^^
  File "/home/airflow/.local/lib/python3.12/site-packages/airflow/cli/cli_config.py", line 49, in command
    return func(*args, **kwargs)
           ^^^^^^^^^^^^^^^^^^^^^
  File "/home/airflow/.local/lib/python3.12/site-packages/airflow/utils/cli.py", line 115, in wrapper
    return f(*args, **kwargs)
           ^^^^^^^^^^^^^^^^^^
  File "/home/airflow/.local/lib/python3.12/site-packages/airflow/cli/commands/task_command.py", line 483, in task_run
    task_return_code = _run_task_by_selected_method(args, _dag, ti)
                       ^^^^^^^^^^^^^^^^^^^^^^^^^^^^^^^^^^^^^^^^^^^^
  File "/home/airflow/.local/lib/python3.12/site-packages/airflow/cli/commands/task_command.py", line 256, in _run_task_by_selected_method
    return _run_raw_task(args, ti)
           ^^^^^^^^^^^^^^^^^^^^^^^
  File "/home/airflow/.local/lib/python3.12/site-packages/airflow/cli/commands/task_command.py", line 341, in _run_raw_task
    return ti._run_raw_task(
           ^^^^^^^^^^^^^^^^^
  File "/home/airflow/.local/lib/python3.12/site-packages/airflow/utils/session.py", line 97, in wrapper
    return func(*args, session=session, **kwargs)
           ^^^^^^^^^^^^^^^^^^^^^^^^^^^^^^^^^^^^^^
  File "/home/airflow/.local/lib/python3.12/site-packages/airflow/models/taskinstance.py", line 3004, in _run_raw_task
    return _run_raw_task(
           ^^^^^^^^^^^^^^
  File "/home/airflow/.local/lib/python3.12/site-packages/airflow/models/taskinstance.py", line 273, in _run_raw_task
    TaskInstance._execute_task_with_callbacks(
  File "/home/airflow/.local/lib/python3.12/site-packages/airflow/models/taskinstance.py", line 3158, in _execute_task_with_callbacks
    result = self._execute_task(context, task_orig)
             ^^^^^^^^^^^^^^^^^^^^^^^^^^^^^^^^^^^^^^
  File "/home/airflow/.local/lib/python3.12/site-packages/airflow/models/taskinstance.py", line 3182, in _execute_task
    return _execute_task(self, context, task_orig)
           ^^^^^^^^^^^^^^^^^^^^^^^^^^^^^^^^^^^^^^^
  File "/home/airflow/.local/lib/python3.12/site-packages/airflow/models/taskinstance.py", line 767, in _execute_task
    result = _execute_callable(context=context, **execute_callable_kwargs)
             ^^^^^^^^^^^^^^^^^^^^^^^^^^^^^^^^^^^^^^^^^^^^^^^^^^^^^^^^^^^^^
  File "/home/airflow/.local/lib/python3.12/site-packages/airflow/models/taskinstance.py", line 733, in _execute_callable
    return ExecutionCallableRunner(
           ^^^^^^^^^^^^^^^^^^^^^^^^
  File "/home/airflow/.local/lib/python3.12/site-packages/airflow/utils/operator_helpers.py", line 252, in run
    return self.func(*args, **kwargs)
           ^^^^^^^^^^^^^^^^^^^^^^^^^^
  File "/home/airflow/.local/lib/python3.12/site-packages/airflow/models/baseoperator.py", line 406, in wrapper
    return func(self, *args, **kwargs)
           ^^^^^^^^^^^^^^^^^^^^^^^^^^^
  File "/home/airflow/.local/lib/python3.12/site-packages/airflow/providers/apache/spark/operators/spark_submit.py", line 174, in execute
    self._hook.submit(self.application)
  File "/home/airflow/.local/lib/python3.12/site-packages/airflow/providers/apache/spark/hooks/spark_submit.py", line 505, in submit
    raise AirflowException(
airflow.exceptions.AirflowException: Cannot execute: spark-submit --master spark://spark:7077 --conf master=spark://2eafd8b83fc9:7077 --conf spark.executorEnv.JAVA_HOME=/opt/bitnami/java --conf spark.driverEnv.JAVA_HOME=/opt/bitnami/java --name spark_job --deploy-mode client /opt/***/dags/my_spark_app.py. Error code is: 1.
[2024-09-21T19:52:36.581+0000] {local_task_job_runner.py:266} INFO - Task exited with return code 1
[2024-09-21T19:52:36.595+0000] {taskinstance.py:3900} INFO - 0 downstream tasks scheduled from follow-on schedule check
[2024-09-21T19:52:36.598+0000] {local_task_job_runner.py:245} INFO - ::endgroup::
[2024-09-21T23:53:09.200+0000] {local_task_job_runner.py:123} INFO - ::group::Pre task execution logs
[2024-09-21T23:53:09.218+0000] {taskinstance.py:2612} INFO - Dependencies all met for dep_context=non-requeueable deps ti=<TaskInstance: spark_example_dag.submit_spark_job scheduled__2024-09-20T00:00:00+00:00 [queued]>
[2024-09-21T23:53:09.228+0000] {taskinstance.py:2612} INFO - Dependencies all met for dep_context=requeueable deps ti=<TaskInstance: spark_example_dag.submit_spark_job scheduled__2024-09-20T00:00:00+00:00 [queued]>
[2024-09-21T23:53:09.229+0000] {taskinstance.py:2865} INFO - Starting attempt 2 of 2
[2024-09-21T23:53:09.246+0000] {taskinstance.py:2888} INFO - Executing <Task(SparkSubmitOperator): submit_spark_job> on 2024-09-20 00:00:00+00:00
[2024-09-21T23:53:09.252+0000] {warnings.py:112} WARNING - /home/***/.local/lib/python3.12/site-packages/***/task/task_runner/standard_task_runner.py:70: DeprecationWarning: This process (pid=150) is multi-threaded, use of fork() may lead to deadlocks in the child.
  pid = os.fork()

[2024-09-21T23:53:09.253+0000] {standard_task_runner.py:72} INFO - Started process 151 to run task
[2024-09-21T23:53:09.253+0000] {standard_task_runner.py:104} INFO - Running: ['***', 'tasks', 'run', 'spark_example_dag', 'submit_spark_job', 'scheduled__2024-09-20T00:00:00+00:00', '--job-id', '7', '--raw', '--subdir', 'DAGS_FOLDER/jobsSpark.py', '--cfg-path', '/tmp/tmpvw46jhsj']
[2024-09-21T23:53:09.254+0000] {standard_task_runner.py:105} INFO - Job 7: Subtask submit_spark_job
[2024-09-21T23:53:09.300+0000] {task_command.py:467} INFO - Running <TaskInstance: spark_example_dag.submit_spark_job scheduled__2024-09-20T00:00:00+00:00 [running]> on host e7b8a6c367d4
[2024-09-21T23:53:09.372+0000] {taskinstance.py:3131} INFO - Exporting env vars: AIRFLOW_CTX_DAG_OWNER='***' AIRFLOW_CTX_DAG_ID='spark_example_dag' AIRFLOW_CTX_TASK_ID='submit_spark_job' AIRFLOW_CTX_EXECUTION_DATE='2024-09-20T00:00:00+00:00' AIRFLOW_CTX_TRY_NUMBER='2' AIRFLOW_CTX_DAG_RUN_ID='scheduled__2024-09-20T00:00:00+00:00'
[2024-09-21T23:53:09.373+0000] {taskinstance.py:731} INFO - ::endgroup::
[2024-09-21T23:53:09.394+0000] {spark_submit.py:273} INFO - Could not load connection string spark_default, defaulting to yarn
[2024-09-21T23:53:09.395+0000] {spark_submit.py:403} INFO - Spark-Submit cmd: spark-submit --master yarn --conf master=spark://2eafd8b83fc9:7077 --conf spark.executorEnv.JAVA_HOME=/opt/bitnami/java --conf spark.driverEnv.JAVA_HOME=/opt/bitnami/java --name spark_job /opt/***/dags/my_spark_app.py
[2024-09-21T23:53:09.450+0000] {spark_submit.py:579} INFO - /home/***/.local/lib/python3.12/site-packages/pyspark/bin/spark-class: line 71: /usr/lib/jvm/java-11-openjdk-amd64/bin/java: No such file or directory
[2024-09-21T23:53:09.450+0000] {spark_submit.py:579} INFO - /home/***/.local/lib/python3.12/site-packages/pyspark/bin/spark-class: line 97: CMD: bad array subscript
[2024-09-21T23:53:09.460+0000] {taskinstance.py:3310} ERROR - Task failed with exception
Traceback (most recent call last):
  File "/home/airflow/.local/lib/python3.12/site-packages/airflow/models/taskinstance.py", line 767, in _execute_task
    result = _execute_callable(context=context, **execute_callable_kwargs)
             ^^^^^^^^^^^^^^^^^^^^^^^^^^^^^^^^^^^^^^^^^^^^^^^^^^^^^^^^^^^^^
  File "/home/airflow/.local/lib/python3.12/site-packages/airflow/models/taskinstance.py", line 733, in _execute_callable
    return ExecutionCallableRunner(
           ^^^^^^^^^^^^^^^^^^^^^^^^
  File "/home/airflow/.local/lib/python3.12/site-packages/airflow/utils/operator_helpers.py", line 252, in run
    return self.func(*args, **kwargs)
           ^^^^^^^^^^^^^^^^^^^^^^^^^^
  File "/home/airflow/.local/lib/python3.12/site-packages/airflow/models/baseoperator.py", line 406, in wrapper
    return func(self, *args, **kwargs)
           ^^^^^^^^^^^^^^^^^^^^^^^^^^^
  File "/home/airflow/.local/lib/python3.12/site-packages/airflow/providers/apache/spark/operators/spark_submit.py", line 174, in execute
    self._hook.submit(self.application)
  File "/home/airflow/.local/lib/python3.12/site-packages/airflow/providers/apache/spark/hooks/spark_submit.py", line 505, in submit
    raise AirflowException(
airflow.exceptions.AirflowException: Cannot execute: spark-submit --master yarn --conf master=spark://2eafd8b83fc9:7077 --conf spark.executorEnv.JAVA_HOME=/opt/bitnami/java --conf spark.driverEnv.JAVA_HOME=/opt/bitnami/java --name spark_job /opt/***/dags/my_spark_app.py. Error code is: 1.
[2024-09-21T23:53:09.464+0000] {taskinstance.py:1225} INFO - Marking task as FAILED. dag_id=spark_example_dag, task_id=submit_spark_job, run_id=scheduled__2024-09-20T00:00:00+00:00, execution_date=20240920T000000, start_date=20240921T235309, end_date=20240921T235309
[2024-09-21T23:53:09.476+0000] {taskinstance.py:340} INFO - ::group::Post task execution logs
[2024-09-21T23:53:09.477+0000] {standard_task_runner.py:124} ERROR - Failed to execute job 7 for task submit_spark_job (Cannot execute: spark-submit --master yarn --conf master=spark://2eafd8b83fc9:7077 --conf spark.executorEnv.JAVA_HOME=/opt/bitnami/java --conf spark.driverEnv.JAVA_HOME=/opt/bitnami/java --name spark_job /opt/***/dags/my_spark_app.py. Error code is: 1.; 151)
Traceback (most recent call last):
  File "/home/airflow/.local/lib/python3.12/site-packages/airflow/task/task_runner/standard_task_runner.py", line 117, in _start_by_fork
    ret = args.func(args, dag=self.dag)
          ^^^^^^^^^^^^^^^^^^^^^^^^^^^^^
  File "/home/airflow/.local/lib/python3.12/site-packages/airflow/cli/cli_config.py", line 49, in command
    return func(*args, **kwargs)
           ^^^^^^^^^^^^^^^^^^^^^
  File "/home/airflow/.local/lib/python3.12/site-packages/airflow/utils/cli.py", line 115, in wrapper
    return f(*args, **kwargs)
           ^^^^^^^^^^^^^^^^^^
  File "/home/airflow/.local/lib/python3.12/site-packages/airflow/cli/commands/task_command.py", line 483, in task_run
    task_return_code = _run_task_by_selected_method(args, _dag, ti)
                       ^^^^^^^^^^^^^^^^^^^^^^^^^^^^^^^^^^^^^^^^^^^^
  File "/home/airflow/.local/lib/python3.12/site-packages/airflow/cli/commands/task_command.py", line 256, in _run_task_by_selected_method
    return _run_raw_task(args, ti)
           ^^^^^^^^^^^^^^^^^^^^^^^
  File "/home/airflow/.local/lib/python3.12/site-packages/airflow/cli/commands/task_command.py", line 341, in _run_raw_task
    return ti._run_raw_task(
           ^^^^^^^^^^^^^^^^^
  File "/home/airflow/.local/lib/python3.12/site-packages/airflow/utils/session.py", line 97, in wrapper
    return func(*args, session=session, **kwargs)
           ^^^^^^^^^^^^^^^^^^^^^^^^^^^^^^^^^^^^^^
  File "/home/airflow/.local/lib/python3.12/site-packages/airflow/models/taskinstance.py", line 3004, in _run_raw_task
    return _run_raw_task(
           ^^^^^^^^^^^^^^
  File "/home/airflow/.local/lib/python3.12/site-packages/airflow/models/taskinstance.py", line 273, in _run_raw_task
    TaskInstance._execute_task_with_callbacks(
  File "/home/airflow/.local/lib/python3.12/site-packages/airflow/models/taskinstance.py", line 3158, in _execute_task_with_callbacks
    result = self._execute_task(context, task_orig)
             ^^^^^^^^^^^^^^^^^^^^^^^^^^^^^^^^^^^^^^
  File "/home/airflow/.local/lib/python3.12/site-packages/airflow/models/taskinstance.py", line 3182, in _execute_task
    return _execute_task(self, context, task_orig)
           ^^^^^^^^^^^^^^^^^^^^^^^^^^^^^^^^^^^^^^^
  File "/home/airflow/.local/lib/python3.12/site-packages/airflow/models/taskinstance.py", line 767, in _execute_task
    result = _execute_callable(context=context, **execute_callable_kwargs)
             ^^^^^^^^^^^^^^^^^^^^^^^^^^^^^^^^^^^^^^^^^^^^^^^^^^^^^^^^^^^^^
  File "/home/airflow/.local/lib/python3.12/site-packages/airflow/models/taskinstance.py", line 733, in _execute_callable
    return ExecutionCallableRunner(
           ^^^^^^^^^^^^^^^^^^^^^^^^
  File "/home/airflow/.local/lib/python3.12/site-packages/airflow/utils/operator_helpers.py", line 252, in run
    return self.func(*args, **kwargs)
           ^^^^^^^^^^^^^^^^^^^^^^^^^^
  File "/home/airflow/.local/lib/python3.12/site-packages/airflow/models/baseoperator.py", line 406, in wrapper
    return func(self, *args, **kwargs)
           ^^^^^^^^^^^^^^^^^^^^^^^^^^^
  File "/home/airflow/.local/lib/python3.12/site-packages/airflow/providers/apache/spark/operators/spark_submit.py", line 174, in execute
    self._hook.submit(self.application)
  File "/home/airflow/.local/lib/python3.12/site-packages/airflow/providers/apache/spark/hooks/spark_submit.py", line 505, in submit
    raise AirflowException(
airflow.exceptions.AirflowException: Cannot execute: spark-submit --master yarn --conf master=spark://2eafd8b83fc9:7077 --conf spark.executorEnv.JAVA_HOME=/opt/bitnami/java --conf spark.driverEnv.JAVA_HOME=/opt/bitnami/java --name spark_job /opt/***/dags/my_spark_app.py. Error code is: 1.
[2024-09-21T23:53:09.509+0000] {local_task_job_runner.py:266} INFO - Task exited with return code 1
[2024-09-21T23:53:09.524+0000] {taskinstance.py:3900} INFO - 0 downstream tasks scheduled from follow-on schedule check
[2024-09-21T23:53:09.529+0000] {local_task_job_runner.py:245} INFO - ::endgroup::
[2024-09-22T00:28:20.215+0000] {local_task_job_runner.py:123} INFO - ::group::Pre task execution logs
[2024-09-22T00:28:20.231+0000] {taskinstance.py:2612} INFO - Dependencies all met for dep_context=non-requeueable deps ti=<TaskInstance: spark_example_dag.submit_spark_job scheduled__2024-09-20T00:00:00+00:00 [queued]>
[2024-09-22T00:28:20.242+0000] {taskinstance.py:2612} INFO - Dependencies all met for dep_context=requeueable deps ti=<TaskInstance: spark_example_dag.submit_spark_job scheduled__2024-09-20T00:00:00+00:00 [queued]>
[2024-09-22T00:28:20.242+0000] {taskinstance.py:2865} INFO - Starting attempt 2 of 2
[2024-09-22T00:28:20.624+0000] {taskinstance.py:2888} INFO - Executing <Task(SparkSubmitOperator): submit_spark_job> on 2024-09-20 00:00:00+00:00
[2024-09-22T00:28:20.629+0000] {warnings.py:112} WARNING - /home/***/.local/lib/python3.12/site-packages/***/task/task_runner/standard_task_runner.py:70: DeprecationWarning: This process (pid=81) is multi-threaded, use of fork() may lead to deadlocks in the child.
  pid = os.fork()

[2024-09-22T00:28:20.631+0000] {standard_task_runner.py:72} INFO - Started process 82 to run task
[2024-09-22T00:28:20.631+0000] {standard_task_runner.py:104} INFO - Running: ['***', 'tasks', 'run', 'spark_example_dag', 'submit_spark_job', 'scheduled__2024-09-20T00:00:00+00:00', '--job-id', '23', '--raw', '--subdir', 'DAGS_FOLDER/jobsSpark.py', '--cfg-path', '/tmp/tmpa4cfp409']
[2024-09-22T00:28:20.633+0000] {standard_task_runner.py:105} INFO - Job 23: Subtask submit_spark_job
[2024-09-22T00:28:20.874+0000] {task_command.py:467} INFO - Running <TaskInstance: spark_example_dag.submit_spark_job scheduled__2024-09-20T00:00:00+00:00 [running]> on host ceb1752c9fe0
[2024-09-22T00:28:21.151+0000] {taskinstance.py:3131} INFO - Exporting env vars: AIRFLOW_CTX_DAG_OWNER='***' AIRFLOW_CTX_DAG_ID='spark_example_dag' AIRFLOW_CTX_TASK_ID='submit_spark_job' AIRFLOW_CTX_EXECUTION_DATE='2024-09-20T00:00:00+00:00' AIRFLOW_CTX_TRY_NUMBER='2' AIRFLOW_CTX_DAG_RUN_ID='scheduled__2024-09-20T00:00:00+00:00'
[2024-09-22T00:28:21.159+0000] {taskinstance.py:731} INFO - ::endgroup::
[2024-09-22T00:28:21.191+0000] {spark_submit.py:273} INFO - Could not load connection string spark_default, defaulting to yarn
[2024-09-22T00:28:21.193+0000] {spark_submit.py:403} INFO - Spark-Submit cmd: spark-submit --master yarn --conf spark.executorEnv.JAVA_HOME=/opt/bitnami/java --conf spark.driverEnv.JAVA_HOME=/opt/bitnami/java --executor-memory 2g --driver-memory 1g --name spark_job /opt/***/dags/my_spark_app.py --master spark://spark:7077
[2024-09-22T00:28:21.274+0000] {spark_submit.py:579} INFO - /home/***/.local/lib/python3.12/site-packages/pyspark/bin/spark-class: line 71: /opt/bitnami/java/bin/java: No such file or directory
[2024-09-22T00:28:21.275+0000] {spark_submit.py:579} INFO - /home/***/.local/lib/python3.12/site-packages/pyspark/bin/spark-class: line 97: CMD: bad array subscript
[2024-09-22T00:28:21.286+0000] {taskinstance.py:3310} ERROR - Task failed with exception
Traceback (most recent call last):
  File "/home/airflow/.local/lib/python3.12/site-packages/airflow/models/taskinstance.py", line 767, in _execute_task
    result = _execute_callable(context=context, **execute_callable_kwargs)
             ^^^^^^^^^^^^^^^^^^^^^^^^^^^^^^^^^^^^^^^^^^^^^^^^^^^^^^^^^^^^^
  File "/home/airflow/.local/lib/python3.12/site-packages/airflow/models/taskinstance.py", line 733, in _execute_callable
    return ExecutionCallableRunner(
           ^^^^^^^^^^^^^^^^^^^^^^^^
  File "/home/airflow/.local/lib/python3.12/site-packages/airflow/utils/operator_helpers.py", line 252, in run
    return self.func(*args, **kwargs)
           ^^^^^^^^^^^^^^^^^^^^^^^^^^
  File "/home/airflow/.local/lib/python3.12/site-packages/airflow/models/baseoperator.py", line 406, in wrapper
    return func(self, *args, **kwargs)
           ^^^^^^^^^^^^^^^^^^^^^^^^^^^
  File "/home/airflow/.local/lib/python3.12/site-packages/airflow/providers/apache/spark/operators/spark_submit.py", line 174, in execute
    self._hook.submit(self.application)
  File "/home/airflow/.local/lib/python3.12/site-packages/airflow/providers/apache/spark/hooks/spark_submit.py", line 505, in submit
    raise AirflowException(
airflow.exceptions.AirflowException: Cannot execute: spark-submit --master yarn --conf spark.executorEnv.JAVA_HOME=/opt/bitnami/java --conf spark.driverEnv.JAVA_HOME=/opt/bitnami/java --executor-memory 2g --driver-memory 1g --name spark_job /opt/***/dags/my_spark_app.py --master spark://spark:7077. Error code is: 1.
[2024-09-22T00:28:21.290+0000] {taskinstance.py:1225} INFO - Marking task as FAILED. dag_id=spark_example_dag, task_id=submit_spark_job, run_id=scheduled__2024-09-20T00:00:00+00:00, execution_date=20240920T000000, start_date=20240922T002820, end_date=20240922T002821
[2024-09-22T00:28:21.391+0000] {taskinstance.py:340} INFO - ::group::Post task execution logs
[2024-09-22T00:28:21.392+0000] {standard_task_runner.py:124} ERROR - Failed to execute job 23 for task submit_spark_job (Cannot execute: spark-submit --master yarn --conf spark.executorEnv.JAVA_HOME=/opt/bitnami/java --conf spark.driverEnv.JAVA_HOME=/opt/bitnami/java --executor-memory 2g --driver-memory 1g --name spark_job /opt/***/dags/my_spark_app.py --master spark://spark:7077. Error code is: 1.; 82)
Traceback (most recent call last):
  File "/home/airflow/.local/lib/python3.12/site-packages/airflow/task/task_runner/standard_task_runner.py", line 117, in _start_by_fork
    ret = args.func(args, dag=self.dag)
          ^^^^^^^^^^^^^^^^^^^^^^^^^^^^^
  File "/home/airflow/.local/lib/python3.12/site-packages/airflow/cli/cli_config.py", line 49, in command
    return func(*args, **kwargs)
           ^^^^^^^^^^^^^^^^^^^^^
  File "/home/airflow/.local/lib/python3.12/site-packages/airflow/utils/cli.py", line 115, in wrapper
    return f(*args, **kwargs)
           ^^^^^^^^^^^^^^^^^^
  File "/home/airflow/.local/lib/python3.12/site-packages/airflow/cli/commands/task_command.py", line 483, in task_run
    task_return_code = _run_task_by_selected_method(args, _dag, ti)
                       ^^^^^^^^^^^^^^^^^^^^^^^^^^^^^^^^^^^^^^^^^^^^
  File "/home/airflow/.local/lib/python3.12/site-packages/airflow/cli/commands/task_command.py", line 256, in _run_task_by_selected_method
    return _run_raw_task(args, ti)
           ^^^^^^^^^^^^^^^^^^^^^^^
  File "/home/airflow/.local/lib/python3.12/site-packages/airflow/cli/commands/task_command.py", line 341, in _run_raw_task
    return ti._run_raw_task(
           ^^^^^^^^^^^^^^^^^
  File "/home/airflow/.local/lib/python3.12/site-packages/airflow/utils/session.py", line 97, in wrapper
    return func(*args, session=session, **kwargs)
           ^^^^^^^^^^^^^^^^^^^^^^^^^^^^^^^^^^^^^^
  File "/home/airflow/.local/lib/python3.12/site-packages/airflow/models/taskinstance.py", line 3004, in _run_raw_task
    return _run_raw_task(
           ^^^^^^^^^^^^^^
  File "/home/airflow/.local/lib/python3.12/site-packages/airflow/models/taskinstance.py", line 273, in _run_raw_task
    TaskInstance._execute_task_with_callbacks(
  File "/home/airflow/.local/lib/python3.12/site-packages/airflow/models/taskinstance.py", line 3158, in _execute_task_with_callbacks
    result = self._execute_task(context, task_orig)
             ^^^^^^^^^^^^^^^^^^^^^^^^^^^^^^^^^^^^^^
  File "/home/airflow/.local/lib/python3.12/site-packages/airflow/models/taskinstance.py", line 3182, in _execute_task
    return _execute_task(self, context, task_orig)
           ^^^^^^^^^^^^^^^^^^^^^^^^^^^^^^^^^^^^^^^
  File "/home/airflow/.local/lib/python3.12/site-packages/airflow/models/taskinstance.py", line 767, in _execute_task
    result = _execute_callable(context=context, **execute_callable_kwargs)
             ^^^^^^^^^^^^^^^^^^^^^^^^^^^^^^^^^^^^^^^^^^^^^^^^^^^^^^^^^^^^^
  File "/home/airflow/.local/lib/python3.12/site-packages/airflow/models/taskinstance.py", line 733, in _execute_callable
    return ExecutionCallableRunner(
           ^^^^^^^^^^^^^^^^^^^^^^^^
  File "/home/airflow/.local/lib/python3.12/site-packages/airflow/utils/operator_helpers.py", line 252, in run
    return self.func(*args, **kwargs)
           ^^^^^^^^^^^^^^^^^^^^^^^^^^
  File "/home/airflow/.local/lib/python3.12/site-packages/airflow/models/baseoperator.py", line 406, in wrapper
    return func(self, *args, **kwargs)
           ^^^^^^^^^^^^^^^^^^^^^^^^^^^
  File "/home/airflow/.local/lib/python3.12/site-packages/airflow/providers/apache/spark/operators/spark_submit.py", line 174, in execute
    self._hook.submit(self.application)
  File "/home/airflow/.local/lib/python3.12/site-packages/airflow/providers/apache/spark/hooks/spark_submit.py", line 505, in submit
    raise AirflowException(
airflow.exceptions.AirflowException: Cannot execute: spark-submit --master yarn --conf spark.executorEnv.JAVA_HOME=/opt/bitnami/java --conf spark.driverEnv.JAVA_HOME=/opt/bitnami/java --executor-memory 2g --driver-memory 1g --name spark_job /opt/***/dags/my_spark_app.py --master spark://spark:7077. Error code is: 1.
[2024-09-22T00:28:21.415+0000] {local_task_job_runner.py:266} INFO - Task exited with return code 1
[2024-09-22T00:28:21.432+0000] {taskinstance.py:3900} INFO - 0 downstream tasks scheduled from follow-on schedule check
[2024-09-22T00:28:21.578+0000] {local_task_job_runner.py:245} INFO - ::endgroup::
